#
# There is insufficient memory for the Java Runtime Environment to continue.
# Native memory allocation (malloc) failed to allocate 316736 bytes for Chunk::new
# Possible reasons:
#   The system is out of physical RAM or swap space
#   The process is running with CompressedOops enabled, and the Java Heap may be blocking the growth of the native heap
# Possible solutions:
#   Reduce memory load on the system
#   Increase physical memory or swap space
#   Check if swap backing store is full
#   Decrease Java heap size (-Xmx/-Xms)
#   Decrease number of Java threads
#   Decrease Java thread stack sizes (-Xss)
#   Set larger code cache with -XX:ReservedCodeCacheSize=
#   JVM is running with Unscaled Compressed Oops mode in which the Java heap is
#     placed in the first 4GB address space. The Java Heap base address is the
#     maximum limit for the native heap growth. Please use -XX:HeapBaseMinAddress
#     to set the Java Heap base and to place the Java Heap above 4GB virtual address.
# This output file may be truncated or incomplete.
#
#  Out of Memory Error (allocation.cpp:389), pid=10956, tid=0x0000000000002d98
#
# JRE version: Java(TM) SE Runtime Environment (8.0_211-b12) (build 1.8.0_211-b12)
# Java VM: Java HotSpot(TM) 64-Bit Server VM (25.211-b12 mixed mode windows-amd64 compressed oops)
# Failed to write core dump. Minidumps are not enabled by default on client versions of Windows
#

---------------  T H R E A D  ---------------

Current thread (0x0000000019e9c000):  JavaThread "C2 CompilerThread0" daemon [_thread_in_native, id=11672, stack(0x000000001a770000,0x000000001a870000)]

Stack: [0x000000001a770000,0x000000001a870000]
[error occurred during error reporting (printing stack bounds), id 0xc0000005]

Native frames: (J=compiled Java code, j=interpreted, Vv=VM code, C=native code)


Current CompileTask:
C2:   2579 3036       4       java.io.WinNTFileSystem::normalize (231 bytes)


---------------  P R O C E S S  ---------------

Java Threads: ( => current thread )
  0x0000000019f32800 JavaThread "Service Thread" daemon [_thread_blocked, id=8072, stack(0x000000001ab70000,0x000000001ac70000)]
  0x0000000019ea7000 JavaThread "C1 CompilerThread3" daemon [_thread_blocked, id=14112, stack(0x000000001aa70000,0x000000001ab70000)]
  0x0000000019ea1000 JavaThread "C2 CompilerThread2" daemon [_thread_in_native, id=9208, stack(0x000000001a970000,0x000000001aa70000)]
  0x0000000019e9e000 JavaThread "C2 CompilerThread1" daemon [_thread_blocked, id=8196, stack(0x000000001a870000,0x000000001a970000)]
=>0x0000000019e9c000 JavaThread "C2 CompilerThread0" daemon [_thread_in_native, id=11672, stack(0x000000001a770000,0x000000001a870000)]
  0x0000000019e99800 JavaThread "Attach Listener" daemon [_thread_blocked, id=12220, stack(0x000000001a670000,0x000000001a770000)]
  0x0000000019e98800 JavaThread "Signal Dispatcher" daemon [_thread_blocked, id=732, stack(0x000000001a570000,0x000000001a670000)]
  0x0000000003128000 JavaThread "Finalizer" daemon [_thread_blocked, id=6492, stack(0x000000001a370000,0x000000001a470000)]
  0x0000000019e90800 JavaThread "Reference Handler" daemon [_thread_blocked, id=11164, stack(0x000000001a270000,0x000000001a370000)]
  0x0000000003032800 JavaThread "main" [_thread_in_native, id=9268, stack(0x0000000002e50000,0x0000000002f50000)]

Other Threads:
  0x0000000018099800 VMThread [stack: 0x0000000019d70000,0x0000000019e70000] [id=968]
  0x0000000019f55000 WatcherThread [stack: 0x000000001ac70000,0x000000001ad70000] [id=10140]

VM state:not at safepoint (normal execution)

VM Mutex/Monitor currently owned by a thread: None

heap address: 0x0000000081e00000, size: 2018 MB, Compressed Oops mode: 32-bit
Narrow klass base: 0x0000000000000000, Narrow klass shift: 3
Compressed class space size: 1073741824 Address: 0x0000000100000000

Heap:
 PSYoungGen      total 71680K, used 54373K [0x00000000d5f80000, 0x00000000daa80000, 0x0000000100000000)
  eden space 66560K, 74% used [0x00000000d5f80000,0x00000000d8f9d480,0x00000000da080000)
  from space 5120K, 99% used [0x00000000da080000,0x00000000da57c010,0x00000000da580000)
  to   space 5120K, 0% used [0x00000000da580000,0x00000000da580000,0x00000000daa80000)
 ParOldGen       total 87552K, used 6783K [0x0000000081e00000, 0x0000000087380000, 0x00000000d5f80000)
  object space 87552K, 7% used [0x0000000081e00000,0x000000008249fca8,0x0000000087380000)
 Metaspace       used 16975K, capacity 17328K, committed 17536K, reserved 1067008K
  class space    used 1968K, capacity 2094K, committed 2176K, reserved 1048576K

Card table byte_map: [0x00000000124f0000,0x00000000128f0000] byte_map_base: 0x00000000120e1000

Marking Bits: (ParMarkBitMap*) 0x000000005fc45ce0
 Begin Bits: [0x00000000133a0000, 0x0000000015328000)
 End Bits:   [0x0000000015328000, 0x00000000172b0000)

Polling page: 0x0000000001600000

CodeCache: size=245760Kb used=10567Kb max_used=10575Kb free=235192Kb
 bounds [0x0000000003130000, 0x0000000003b90000, 0x0000000012130000]
 total_blobs=3437 nmethods=3082 adapters=267
 compilation: enabled

Compilation events (10 events):
Event: 2.550 Thread 0x0000000019ea7000 nmethod 3079 0x0000000003b85c50 code [0x0000000003b85dc0, 0x0000000003b86008]
Event: 2.550 Thread 0x0000000019ea7000 3080       3       java.lang.reflect.Constructor::getDeclaredAnnotations (5 bytes)
Event: 2.550 Thread 0x0000000019e9e000 nmethod 3077 0x0000000003b858d0 code [0x0000000003b85a20, 0x0000000003b85b98]
Event: 2.550 Thread 0x0000000019e9e000 3078       4       java.lang.reflect.Field::<init> (44 bytes)
Event: 2.550 Thread 0x0000000019ea7000 nmethod 3080 0x0000000003b85050 code [0x0000000003b85200, 0x0000000003b856c8]
Event: 2.551 Thread 0x0000000019e9e000 nmethod 3078 0x0000000003b31fd0 code [0x0000000003b32100, 0x0000000003b32198]
Event: 2.551 Thread 0x0000000019e9e000 3081       4       java.util.concurrent.atomic.AtomicReferenceArray::checkedByteOffset (45 bytes)
Event: 2.551 Thread 0x0000000019e9e000 nmethod 3081 0x0000000003b87290 code [0x0000000003b873c0, 0x0000000003b87478]
Event: 2.554 Thread 0x0000000019ea7000 3082  s    3       java.io.ExpiringCache::get (39 bytes)
Event: 2.554 Thread 0x0000000019ea7000 nmethod 3082 0x0000000003b88350 code [0x0000000003b884e0, 0x0000000003b88918]

GC Heap History (6 events):
Event: 0.482 GC heap before
{Heap before GC invocations=1 (full 0):
 PSYoungGen      total 38400K, used 33280K [0x00000000d5f80000, 0x00000000d8a00000, 0x0000000100000000)
  eden space 33280K, 100% used [0x00000000d5f80000,0x00000000d8000000,0x00000000d8000000)
  from space 5120K, 0% used [0x00000000d8500000,0x00000000d8500000,0x00000000d8a00000)
  to   space 5120K, 0% used [0x00000000d8000000,0x00000000d8000000,0x00000000d8500000)
 ParOldGen       total 87552K, used 0K [0x0000000081e00000, 0x0000000087380000, 0x00000000d5f80000)
  object space 87552K, 0% used [0x0000000081e00000,0x0000000081e00000,0x0000000087380000)
 Metaspace       used 8129K, capacity 8252K, committed 8576K, reserved 1056768K
  class space    used 985K, capacity 1048K, committed 1152K, reserved 1048576K
Event: 0.487 GC heap after
Heap after GC invocations=1 (full 0):
 PSYoungGen      total 38400K, used 5100K [0x00000000d5f80000, 0x00000000daa80000, 0x0000000100000000)
  eden space 33280K, 0% used [0x00000000d5f80000,0x00000000d5f80000,0x00000000d8000000)
  from space 5120K, 99% used [0x00000000d8000000,0x00000000d84fb008,0x00000000d8500000)
  to   space 5120K, 0% used [0x00000000da580000,0x00000000da580000,0x00000000daa80000)
 ParOldGen       total 87552K, used 189K [0x0000000081e00000, 0x0000000087380000, 0x00000000d5f80000)
  object space 87552K, 0% used [0x0000000081e00000,0x0000000081e2f650,0x0000000087380000)
 Metaspace       used 8129K, capacity 8252K, committed 8576K, reserved 1056768K
  class space    used 985K, capacity 1048K, committed 1152K, reserved 1048576K
}
Event: 0.737 GC heap before
{Heap before GC invocations=2 (full 0):
 PSYoungGen      total 38400K, used 38380K [0x00000000d5f80000, 0x00000000daa80000, 0x0000000100000000)
  eden space 33280K, 100% used [0x00000000d5f80000,0x00000000d8000000,0x00000000d8000000)
  from space 5120K, 99% used [0x00000000d8000000,0x00000000d84fb008,0x00000000d8500000)
  to   space 5120K, 0% used [0x00000000da580000,0x00000000da580000,0x00000000daa80000)
 ParOldGen       total 87552K, used 189K [0x0000000081e00000, 0x0000000087380000, 0x00000000d5f80000)
  object space 87552K, 0% used [0x0000000081e00000,0x0000000081e2f650,0x0000000087380000)
 Metaspace       used 11185K, capacity 11368K, committed 11520K, reserved 1058816K
  class space    used 1374K, capacity 1444K, committed 1536K, reserved 1048576K
Event: 0.744 GC heap after
Heap after GC invocations=2 (full 0):
 PSYoungGen      total 71680K, used 5108K [0x00000000d5f80000, 0x00000000daa80000, 0x0000000100000000)
  eden space 66560K, 0% used [0x00000000d5f80000,0x00000000d5f80000,0x00000000da080000)
  from space 5120K, 99% used [0x00000000da580000,0x00000000daa7d3d8,0x00000000daa80000)
  to   space 5120K, 0% used [0x00000000da080000,0x00000000da080000,0x00000000da580000)
 ParOldGen       total 87552K, used 1688K [0x0000000081e00000, 0x0000000087380000, 0x00000000d5f80000)
  object space 87552K, 1% used [0x0000000081e00000,0x0000000081fa6130,0x0000000087380000)
 Metaspace       used 11185K, capacity 11368K, committed 11520K, reserved 1058816K
  class space    used 1374K, capacity 1444K, committed 1536K, reserved 1048576K
}
Event: 1.900 GC heap before
{Heap before GC invocations=3 (full 0):
 PSYoungGen      total 71680K, used 71668K [0x00000000d5f80000, 0x00000000daa80000, 0x0000000100000000)
  eden space 66560K, 100% used [0x00000000d5f80000,0x00000000da080000,0x00000000da080000)
  from space 5120K, 99% used [0x00000000da580000,0x00000000daa7d3d8,0x00000000daa80000)
  to   space 5120K, 0% used [0x00000000da080000,0x00000000da080000,0x00000000da580000)
 ParOldGen       total 87552K, used 1688K [0x0000000081e00000, 0x0000000087380000, 0x00000000d5f80000)
  object space 87552K, 1% used [0x0000000081e00000,0x0000000081fa6130,0x0000000087380000)
 Metaspace       used 15595K, capacity 15810K, committed 16128K, reserved 1062912K
  class space    used 1853K, capacity 1944K, committed 2048K, reserved 1048576K
Event: 1.915 GC heap after
Heap after GC invocations=3 (full 0):
 PSYoungGen      total 71680K, used 5104K [0x00000000d5f80000, 0x00000000daa80000, 0x0000000100000000)
  eden space 66560K, 0% used [0x00000000d5f80000,0x00000000d5f80000,0x00000000da080000)
  from space 5120K, 99% used [0x00000000da080000,0x00000000da57c010,0x00000000da580000)
  to   space 5120K, 0% used [0x00000000da580000,0x00000000da580000,0x00000000daa80000)
 ParOldGen       total 87552K, used 6783K [0x0000000081e00000, 0x0000000087380000, 0x00000000d5f80000)
  object space 87552K, 7% used [0x0000000081e00000,0x000000008249fca8,0x0000000087380000)
 Metaspace       used 15595K, capacity 15810K, committed 16128K, reserved 1062912K
  class space    used 1853K, capacity 1944K, committed 2048K, reserved 1048576K
}

Deoptimization events (10 events):
Event: 1.931 Thread 0x0000000003032800 Uncommon trap: reason=class_check action=maybe_recompile pc=0x000000000361a2c8 method=com.google.inject.internal.LinkedBindingImpl.acceptTargetVisitor(Lcom/google/inject/spi/BindingTargetVisitor;)Ljava/lang/Object; @ 2
Event: 1.931 Thread 0x0000000003032800 Uncommon trap: reason=class_check action=maybe_recompile pc=0x000000000361a2c8 method=com.google.inject.internal.LinkedBindingImpl.acceptTargetVisitor(Lcom/google/inject/spi/BindingTargetVisitor;)Ljava/lang/Object; @ 2
Event: 1.936 Thread 0x0000000003032800 Uncommon trap: reason=null_check action=make_not_entrant pc=0x0000000003905010 method=com.google.inject.internal.InjectorImpl.enterContext()Lcom/google/inject/internal/InternalContext; @ 7
Event: 2.153 Thread 0x0000000003032800 Uncommon trap: reason=predicate action=maybe_recompile pc=0x0000000003a10a08 method=java.util.TimSort.binarySort([Ljava/lang/Object;IIILjava/util/Comparator;)V @ 37
Event: 2.325 Thread 0x0000000003032800 Uncommon trap: reason=array_check action=maybe_recompile pc=0x0000000003a5e020 method=java.util.TimSort.binarySort([Ljava/lang/Object;IIILjava/util/Comparator;)V @ 183
Event: 2.420 Thread 0x0000000003032800 Uncommon trap: reason=array_check action=maybe_recompile pc=0x0000000003a5de94 method=java.util.TimSort.binarySort([Ljava/lang/Object;IIILjava/util/Comparator;)V @ 215
Event: 2.420 Thread 0x0000000003032800 Uncommon trap: reason=array_check action=maybe_recompile pc=0x0000000003a5de94 method=java.util.TimSort.binarySort([Ljava/lang/Object;IIILjava/util/Comparator;)V @ 215
Event: 2.420 Thread 0x0000000003032800 Uncommon trap: reason=array_check action=maybe_recompile pc=0x0000000003a5e020 method=java.util.TimSort.binarySort([Ljava/lang/Object;IIILjava/util/Comparator;)V @ 183
Event: 2.455 Thread 0x0000000003032800 Uncommon trap: reason=array_check action=maybe_recompile pc=0x0000000003b710c8 method=java.util.TimSort.binarySort([Ljava/lang/Object;IIILjava/util/Comparator;)V @ 193
Event: 2.455 Thread 0x0000000003032800 Uncommon trap: reason=array_check action=maybe_recompile pc=0x0000000003b710c8 method=java.util.TimSort.binarySort([Ljava/lang/Object;IIILjava/util/Comparator;)V @ 193

Classes redefined (0 events):
No events

Internal exceptions (10 events):
Event: 1.091 Thread 0x0000000003032800 Exception <a 'java/lang/NullPointerException'> (0x00000000d72162c0) thrown at [C:\re\workspace\8-2-build-windows-amd64-cygwin\jdk8u211\12973\hotspot\src\share\vm\interpreter\linkResolver.cpp, line 1185]
Event: 1.091 Thread 0x0000000003032800 Exception <a 'java/lang/NullPointerException'> (0x00000000d72164c8) thrown at [C:\re\workspace\8-2-build-windows-amd64-cygwin\jdk8u211\12973\hotspot\src\share\vm\interpreter\linkResolver.cpp, line 1185]
Event: 1.091 Thread 0x0000000003032800 Exception <a 'java/lang/NullPointerException'> (0x00000000d72166d0) thrown at [C:\re\workspace\8-2-build-windows-amd64-cygwin\jdk8u211\12973\hotspot\src\share\vm\interpreter\linkResolver.cpp, line 1185]
Event: 1.091 Thread 0x0000000003032800 Exception <a 'java/lang/NullPointerException'> (0x00000000d721ede8) thrown at [C:\re\workspace\8-2-build-windows-amd64-cygwin\jdk8u211\12973\hotspot\src\share\vm\interpreter\linkResolver.cpp, line 1185]
Event: 1.091 Thread 0x0000000003032800 Exception <a 'java/lang/NullPointerException'> (0x00000000d721eff0) thrown at [C:\re\workspace\8-2-build-windows-amd64-cygwin\jdk8u211\12973\hotspot\src\share\vm\interpreter\linkResolver.cpp, line 1185]
Event: 1.091 Thread 0x0000000003032800 Exception <a 'java/lang/NullPointerException'> (0x00000000d721f1f8) thrown at [C:\re\workspace\8-2-build-windows-amd64-cygwin\jdk8u211\12973\hotspot\src\share\vm\interpreter\linkResolver.cpp, line 1185]
Event: 1.407 Thread 0x0000000003032800 Implicit null exception at 0x000000000374d08b to 0x000000000374e325
Event: 1.816 Thread 0x0000000003032800 Implicit null exception at 0x00000000034e7915 to 0x00000000034e7aed
Event: 1.818 Thread 0x0000000003032800 Implicit null exception at 0x000000000342e0af to 0x000000000342e119
Event: 1.936 Thread 0x0000000003032800 Implicit null exception at 0x0000000003904bbd to 0x0000000003905001

Events (10 events):
Event: 2.551 loading class org/codehaus/plexus/compiler/CompilerConfiguration$CompilerReuseStrategy
Event: 2.551 loading class org/codehaus/plexus/compiler/CompilerConfiguration$CompilerReuseStrategy done
Event: 2.551 loading class org/apache/maven/shared/utils/StringUtils
Event: 2.551 loading class org/apache/maven/shared/utils/StringUtils done
Event: 2.551 loading class org/apache/maven/shared/utils/StringUtils
Event: 2.551 loading class org/apache/maven/shared/utils/StringUtils done
Event: 2.553 loading class org/apache/maven/shared/incremental/IncrementalBuildHelper
Event: 2.553 loading class org/apache/maven/shared/incremental/IncrementalBuildHelper done
Event: 2.553 loading class org/apache/maven/shared/incremental/IncrementalBuildHelper
Event: 2.553 loading class org/apache/maven/shared/incremental/IncrementalBuildHelper done


Dynamic libraries:
0x00007ff6ce0a0000 - 0x00007ff6ce0d7000 	C:\Program Files\Java\jdk1.8.0_211\bin\java.exe
0x00007ff9962d0000 - 0x00007ff9964c5000 	C:\WINDOWS\SYSTEM32\ntdll.dll
0x00007ff9955a0000 - 0x00007ff99565d000 	C:\WINDOWS\System32\KERNEL32.DLL
0x00007ff993dd0000 - 0x00007ff994098000 	C:\WINDOWS\System32\KERNELBASE.dll
0x00007ff995b90000 - 0x00007ff995c3c000 	C:\WINDOWS\System32\ADVAPI32.dll
0x00007ff995a90000 - 0x00007ff995b2e000 	C:\WINDOWS\System32\msvcrt.dll
0x00007ff994470000 - 0x00007ff99450b000 	C:\WINDOWS\System32\sechost.dll
0x00007ff995960000 - 0x00007ff995a8b000 	C:\WINDOWS\System32\RPCRT4.dll
0x00007ff994510000 - 0x00007ff9946b0000 	C:\WINDOWS\System32\USER32.dll
0x00007ff9940a0000 - 0x00007ff9940c2000 	C:\WINDOWS\System32\win32u.dll
0x00007ff995370000 - 0x00007ff99539a000 	C:\WINDOWS\System32\GDI32.dll
0x00007ff993a10000 - 0x00007ff993b1b000 	C:\WINDOWS\System32\gdi32full.dll
0x00007ff994160000 - 0x00007ff9941fd000 	C:\WINDOWS\System32\msvcp_win.dll
0x00007ff993b20000 - 0x00007ff993c20000 	C:\WINDOWS\System32\ucrtbase.dll
0x00007ff992eb0000 - 0x00007ff99314a000 	C:\WINDOWS\WinSxS\amd64_microsoft.windows.common-controls_6595b64144ccf1df_6.0.19041.844_none_ca00b6081b84eb1d\COMCTL32.dll
0x00007ff995780000 - 0x00007ff9957b0000 	C:\WINDOWS\System32\IMM32.DLL
0x000000005fcd0000 - 0x000000005fda2000 	C:\Program Files\Java\jdk1.8.0_211\jre\bin\msvcr100.dll
0x000000005f420000 - 0x000000005fcc5000 	C:\Program Files\Java\jdk1.8.0_211\jre\bin\server\jvm.dll
0x00007ff9943e0000 - 0x00007ff9943e8000 	C:\WINDOWS\System32\PSAPI.DLL
0x00007ff983390000 - 0x00007ff983399000 	C:\WINDOWS\SYSTEM32\WSOCK32.dll
0x00007ff97f1a0000 - 0x00007ff97f1c7000 	C:\WINDOWS\SYSTEM32\WINMM.dll
0x00007ff98c370000 - 0x00007ff98c37a000 	C:\WINDOWS\SYSTEM32\VERSION.dll
0x00007ff995500000 - 0x00007ff99556b000 	C:\WINDOWS\System32\WS2_32.dll
0x00007ff97b6d0000 - 0x00007ff97b6df000 	C:\Program Files\Java\jdk1.8.0_211\jre\bin\verify.dll
0x00007ff956f70000 - 0x00007ff956f99000 	C:\Program Files\Java\jdk1.8.0_211\jre\bin\java.dll
0x00007ff958760000 - 0x00007ff958776000 	C:\Program Files\Java\jdk1.8.0_211\jre\bin\zip.dll
0x00007ff994710000 - 0x00007ff994e52000 	C:\WINDOWS\System32\SHELL32.dll
0x00007ff991500000 - 0x00007ff991c91000 	C:\WINDOWS\SYSTEM32\windows.storage.dll
0x00007ff995010000 - 0x00007ff995365000 	C:\WINDOWS\System32\combase.dll
0x00007ff992d30000 - 0x00007ff992d5c000 	C:\WINDOWS\SYSTEM32\Wldp.dll
0x00007ff9960b0000 - 0x00007ff99615e000 	C:\WINDOWS\System32\SHCORE.dll
0x00007ff995b30000 - 0x00007ff995b85000 	C:\WINDOWS\System32\shlwapi.dll
0x00007ff993950000 - 0x00007ff99396f000 	C:\WINDOWS\SYSTEM32\profapi.dll
0x00007ff972f40000 - 0x00007ff972f4a000 	C:\Program Files\apache-maven-3.8.1-bin\apache-maven-3.8.1\lib\jansi-native\windows64\jansi.dll

VM Arguments:
jvm_args: -Dclassworlds.conf=C:\Program Files\apache-maven-3.8.1-bin\apache-maven-3.8.1\bin\..\bin\m2.conf -Dmaven.home=C:\Program Files\apache-maven-3.8.1-bin\apache-maven-3.8.1\bin\.. -Dlibrary.jansi.path=C:\Program Files\apache-maven-3.8.1-bin\apache-maven-3.8.1\bin\..\lib\jansi-native -Dmaven.multiModuleProjectDirectory=C:\Users\Admin\eclipse-workspace\Tokped 
java_command: org.codehaus.plexus.classworlds.launcher.Launcher clean test
java_class_path (initial): C:\Program Files\apache-maven-3.8.1-bin\apache-maven-3.8.1\bin\..\boot\plexus-classworlds-2.6.0.jar
Launcher Type: SUN_STANDARD

Environment Variables:
JAVA_HOME=C:\Program Files\Java\jdk1.8.0_211
PATH=D:\app\Admin\product\11.2.0\client_1;D:\app\Admin\product\11.2.0\client_1\bin;C:\Program Files (x86)\Common Files\Oracle\Java\javapath;C:\WINDOWS\system32;C:\WINDOWS;C:\WINDOWS\System32\Wbem;C:\WINDOWS\System32\WindowsPowerShell\v1.0\;C:\WINDOWS\System32\OpenSSH\;C:\Program Files\PuTTY\;C:\Program Files\TortoiseSVN\bin;C:\Program Files (x86)\NVIDIA Corporation\PhysX\Common;C:\WINDOWS\system32;C:\WINDOWS;C:\WINDOWS\System32\Wbem;C:\WINDOWS\System32\WindowsPowerShell\v1.0\;C:\WINDOWS\System32\OpenSSH\;C:\xampp\php;C:\ProgramData\ComposerSetup\bin;C:\Program Files\Git\cmd;C:\Program Files\PostgreSQL\13\bin;C:\Users\Admin\AppData\Local\Android\Sdk;C:\Users\Admin\AppData\Local\Android\Sdk\tools;C:\Users\Admin\AppData\Local\Android\Sdk\platform-tools;C:\Program Files\apache-maven-3.8.1-bin\apache-maven-3.8.1\bin;C:\Users\Admin\AppData\Local\Microsoft\WindowsApps;C:\Users\Admin\AppData\Roaming\Composer\vendor\bin;C:\Program Files\heroku\bin;C:\Program Files\PostgreSQL\13\bin;C:\Users\Admin\AppData\Local\Android\Sdk;
USERNAME=Admin
OS=Windows_NT
PROCESSOR_IDENTIFIER=Intel64 Family 6 Model 142 Stepping 12, GenuineIntel



---------------  S Y S T E M  ---------------

OS: Windows 10.0 , 64 bit Build 19041 (10.0.19041.928)

CPU:total 8 (initial active 8) (4 cores per cpu, 2 threads per core) family 6 model 142 stepping 12, cmov, cx8, fxsr, mmx, sse, sse2, sse3, ssse3, sse4.1, sse4.2, popcnt, avx, avx2, aes, clmul, erms, 3dnowpref, lzcnt, ht, tsc, tscinvbit, bmi1, bmi2, adx

Memory: 4k page, physical 8262004k(430916k free), swap 12456308k(5908k free)

vm_info: Java HotSpot(TM) 64-Bit Server VM (25.211-b12) for windows-amd64 JRE (1.8.0_211-b12), built on Apr  1 2019 20:53:26 by "java_re" with MS VC++ 10.0 (VS2010)

time: Mon Apr 26 15:42:03 2021
timezone: SE Asia Standard Time
elapsed time: 2 seconds (0d 0h 0m 2s)

