#
# There is insufficient memory for the Java Runtime Environment to continue.
# Native memory allocation (mmap) failed to map 134217728 bytes for G1 virtual space
# Possible reasons:
#   The system is out of physical RAM or swap space
#   The process is running with CompressedOops enabled, and the Java Heap may be blocking the growth of the native heap
# Possible solutions:
#   Reduce memory load on the system
#   Increase physical memory or swap space
#   Check if swap backing store is full
#   Decrease Java heap size (-Xmx/-Xms)
#   Decrease number of Java threads
#   Decrease Java thread stack sizes (-Xss)
#   Set larger code cache with -XX:ReservedCodeCacheSize=
#   JVM is running with Unscaled Compressed Oops mode in which the Java heap is
#     placed in the first 4GB address space. The Java Heap base address is the
#     maximum limit for the native heap growth. Please use -XX:HeapBaseMinAddress
#     to set the Java Heap base and to place the Java Heap above 4GB virtual address.
# This output file may be truncated or incomplete.
#
#  Out of Memory Error (./open/src/hotspot/os/windows/os_windows.cpp:3321), pid=13300, tid=12720
#
# JRE version:  (15.0.2+7) (build )
# Java VM: OpenJDK 64-Bit Server VM (15.0.2+7-27, mixed mode, sharing, tiered, compressed oops, g1 gc, windows-amd64)
# No core dump will be written. Minidumps are not enabled by default on client versions of Windows
#

---------------  S U M M A R Y ------------

Command Line: -ea -Dfile.encoding=Cp1252 -XX:+ShowCodeDetailsInExceptionMessages org.testng.remote.RemoteTestNG -serport 57740 -protocol json -d C:\Users\Admin\eclipse-workspace\Tokped\test-output C:\Users\Admin\AppData\Local\Temp\testng-eclipse--1572954156\testng-customsuite.xml

Host: Intel(R) Core(TM) i7-8565U CPU @ 1.80GHz, 8 cores, 7G,  Windows 10 , 64 bit Build 19041 (10.0.19041.804)
Time: Tue Apr 20 13:05:45 2021 SE Asia Standard Time elapsed time: 0.044920 seconds (0d 0h 0m 0s)

---------------  T H R E A D  ---------------

Current thread (0x0000020dd892fb80):  JavaThread "Unknown thread" [_thread_in_vm, id=12720, stack(0x0000003f57a00000,0x0000003f57b00000)]

Stack: [0x0000003f57a00000,0x0000003f57b00000]
Native frames: (J=compiled Java code, j=interpreted, Vv=VM code, C=native code)
V  [jvm.dll+0x62ae9a]
V  [jvm.dll+0x7817a9]
V  [jvm.dll+0x782f03]
V  [jvm.dll+0x783563]
V  [jvm.dll+0x216325]
V  [jvm.dll+0x6281d9]
V  [jvm.dll+0x61cf55]
V  [jvm.dll+0x2cffdd]
V  [jvm.dll+0x2cfe42]
V  [jvm.dll+0x2d5e1c]
V  [jvm.dll+0x32590a]
V  [jvm.dll+0x324fd4]
V  [jvm.dll+0x2a6f5a]
V  [jvm.dll+0x2a80f8]
V  [jvm.dll+0x75e241]
V  [jvm.dll+0x3341c4]
V  [jvm.dll+0x73e926]
V  [jvm.dll+0x3b7557]
V  [jvm.dll+0x3b8fe1]
C  [jli.dll+0x52fb]
C  [ucrtbase.dll+0x21bb2]
C  [KERNEL32.DLL+0x17034]
C  [ntdll.dll+0x52651]


---------------  P R O C E S S  ---------------

Threads class SMR info:
_java_thread_list=0x00007ff8ee754ff0, length=0, elements={
}

Java Threads: ( => current thread )

Other Threads:
  0x0000020dd8969960 GCTaskThread "GC Thread#0" [stack: 0x0000003f57b00000,0x0000003f57c00000] [id=3640]
  0x0000020dd897bf20 ConcurrentGCThread "G1 Main Marker" [stack: 0x0000003f57c00000,0x0000003f57d00000] [id=9684]
  0x0000020dd897db20 ConcurrentGCThread "G1 Conc#0" [stack: 0x0000003f57d00000,0x0000003f57e00000] [id=12728]

[error occurred during error reporting (printing all threads), id 0xc0000005, EXCEPTION_ACCESS_VIOLATION (0xc0000005) at pc=0x00007ff8edf47e27]

VM state: not at safepoint (not fully initialized)

VM Mutex/Monitor currently owned by a thread:  ([mutex/lock_event])
[0x0000020dd892a650] Heap_lock - owner thread: 0x0000020dd892fb80

Heap address: 0x0000000081e00000, size: 2018 MB, Compressed Oops mode: 32-bit
CDS archive(s) mapped at: [0x0000000000000000-0x0000000000000000-0x0000000000000000), size 0, SharedBaseAddress: 0x0000000800000000, ArchiveRelocationMode: 0.
Narrow klass base: 0x0000000000000000, Narrow klass shift: 0, Narrow klass range: 0x0

Heap:
 garbage-first heap   total 131072K, used 0K [0x0000000081e00000, 0x0000000100000000)
  region size 1024K, 0 young (0K), 0 survivors (0K)
 Metaspace       used 0K, capacity 0K, committed 0K, reserved 0K
  class space    used 0K, capacity 0K, committed 0K, reserved 0K

Heap Regions: E=young(eden), S=young(survivor), O=old, HS=humongous(starts), HC=humongous(continues), CS=collection set, F=free, OA=open archive, CA=closed archive, TAMS=top-at-mark-start (previous, next)

Card table byte_map: [0x0000020ded990000,0x0000020dedd90000] _byte_map_base: 0x0000020ded581000

Marking Bits (Prev, Next): (CMBitMap*) 0x0000020dd896a150, (CMBitMap*) 0x0000020dd896a190
 Prev Bits: [0x0000020dee190000, 0x0000020df0118000)
 Next Bits: [0x0000020df0120000, 0x0000020df20a8000)

GC Heap History (0 events):
No events

Deoptimization events (0 events):
No events

Classes unloaded (0 events):
No events

Classes redefined (0 events):
No events

Internal exceptions (0 events):
No events

Events (1 events):
Event: 0.005 Loaded shared library C:\Users\Admin\.p2\pool\plugins\org.eclipse.justj.openjdk.hotspot.jre.full.win32.x86_64_15.0.2.v20210201-0955\jre\bin\java.dll


Dynamic libraries:
0x00007ff6cb810000 - 0x00007ff6cb81d000 	C:\Users\Admin\.p2\pool\plugins\org.eclipse.justj.openjdk.hotspot.jre.full.win32.x86_64_15.0.2.v20210201-0955\jre\bin\javaw.exe
0x00007ff9452f0000 - 0x00007ff9454e5000 	C:\WINDOWS\SYSTEM32\ntdll.dll
0x00007ff944280000 - 0x00007ff94433d000 	C:\WINDOWS\System32\KERNEL32.DLL
0x00007ff942e00000 - 0x00007ff9430c9000 	C:\WINDOWS\System32\KERNELBASE.dll
0x00007ff9430d0000 - 0x00007ff9431d0000 	C:\WINDOWS\System32\ucrtbase.dll
0x00007ff929160000 - 0x00007ff929178000 	C:\Users\Admin\.p2\pool\plugins\org.eclipse.justj.openjdk.hotspot.jre.full.win32.x86_64_15.0.2.v20210201-0955\jre\bin\jli.dll
0x00007ff930370000 - 0x00007ff930389000 	C:\Users\Admin\.p2\pool\plugins\org.eclipse.justj.openjdk.hotspot.jre.full.win32.x86_64_15.0.2.v20210201-0955\jre\bin\VCRUNTIME140.dll
0x00007ff9447c0000 - 0x00007ff944960000 	C:\WINDOWS\System32\USER32.dll
0x00007ff942b70000 - 0x00007ff942b92000 	C:\WINDOWS\System32\win32u.dll
0x00007ff937e00000 - 0x00007ff93809a000 	C:\WINDOWS\WinSxS\amd64_microsoft.windows.common-controls_6595b64144ccf1df_6.0.19041.844_none_ca00b6081b84eb1d\COMCTL32.dll
0x00007ff944a80000 - 0x00007ff944aaa000 	C:\WINDOWS\System32\GDI32.dll
0x00007ff944f60000 - 0x00007ff944ffe000 	C:\WINDOWS\System32\msvcrt.dll
0x00007ff942a60000 - 0x00007ff942b6b000 	C:\WINDOWS\System32\gdi32full.dll
0x00007ff942d60000 - 0x00007ff942dfd000 	C:\WINDOWS\System32\msvcp_win.dll
0x00007ff943770000 - 0x00007ff9437a0000 	C:\WINDOWS\System32\IMM32.DLL
0x00007ff93cc10000 - 0x00007ff93cc1c000 	C:\Users\Admin\.p2\pool\plugins\org.eclipse.justj.openjdk.hotspot.jre.full.win32.x86_64_15.0.2.v20210201-0955\jre\bin\vcruntime140_1.dll
0x00007ff918440000 - 0x00007ff9184d1000 	C:\Users\Admin\.p2\pool\plugins\org.eclipse.justj.openjdk.hotspot.jre.full.win32.x86_64_15.0.2.v20210201-0955\jre\bin\msvcp140.dll
0x00007ff8edc90000 - 0x00007ff8ee7ee000 	C:\Users\Admin\.p2\pool\plugins\org.eclipse.justj.openjdk.hotspot.jre.full.win32.x86_64_15.0.2.v20210201-0955\jre\bin\server\jvm.dll
0x00007ff943970000 - 0x00007ff943a1c000 	C:\WINDOWS\System32\ADVAPI32.dll
0x00007ff945130000 - 0x00007ff9451cc000 	C:\WINDOWS\System32\sechost.dll
0x00007ff944ab0000 - 0x00007ff944bdb000 	C:\WINDOWS\System32\RPCRT4.dll
0x00007ff944340000 - 0x00007ff944348000 	C:\WINDOWS\System32\PSAPI.DLL
0x00007ff93cc40000 - 0x00007ff93cc4a000 	C:\WINDOWS\SYSTEM32\VERSION.dll
0x00007ff9383e0000 - 0x00007ff938407000 	C:\WINDOWS\SYSTEM32\WINMM.dll
0x00007ff935170000 - 0x00007ff935179000 	C:\WINDOWS\SYSTEM32\WSOCK32.dll
0x00007ff944ef0000 - 0x00007ff944f5b000 	C:\WINDOWS\System32\WS2_32.dll
0x00007ff941360000 - 0x00007ff941372000 	C:\WINDOWS\SYSTEM32\kernel.appcore.dll
0x00007ff93f670000 - 0x00007ff93f67a000 	C:\Users\Admin\.p2\pool\plugins\org.eclipse.justj.openjdk.hotspot.jre.full.win32.x86_64_15.0.2.v20210201-0955\jre\bin\jimage.dll
0x00007ff9408a0000 - 0x00007ff940a84000 	C:\WINDOWS\SYSTEM32\DBGHELP.DLL
0x00007ff9351c0000 - 0x00007ff9351ec000 	C:\WINDOWS\SYSTEM32\dbgcore.DLL
0x00007ff9432d0000 - 0x00007ff943350000 	C:\WINDOWS\System32\bcryptPrimitives.dll
0x00007ff919d60000 - 0x00007ff919d85000 	C:\Users\Admin\.p2\pool\plugins\org.eclipse.justj.openjdk.hotspot.jre.full.win32.x86_64_15.0.2.v20210201-0955\jre\bin\java.dll

dbghelp: loaded successfully - version: 4.0.5 - missing functions: none
symbol engine: initialized successfully - sym options: 0x614 - pdb path: .;C:\Users\Admin\.p2\pool\plugins\org.eclipse.justj.openjdk.hotspot.jre.full.win32.x86_64_15.0.2.v20210201-0955\jre\bin;C:\WINDOWS\SYSTEM32;C:\WINDOWS\WinSxS\amd64_microsoft.windows.common-controls_6595b64144ccf1df_6.0.19041.844_none_ca00b6081b84eb1d;C:\Users\Admin\.p2\pool\plugins\org.eclipse.justj.openjdk.hotspot.jre.full.win32.x86_64_15.0.2.v20210201-0955\jre\bin\server

VM Arguments:
jvm_args: -ea -Dfile.encoding=Cp1252 -XX:+ShowCodeDetailsInExceptionMessages 
java_command: org.testng.remote.RemoteTestNG -serport 57740 -protocol json -d C:\Users\Admin\eclipse-workspace\Tokped\test-output C:\Users\Admin\AppData\Local\Temp\testng-eclipse--1572954156\testng-customsuite.xml
java_class_path (initial): C:\Users\Admin\eclipse\java-2021-03\eclipse\configuration\org.eclipse.osgi\444\0\.cp\lib\testng-remote.jar;C:\Users\Admin\eclipse-workspace\Tokped\target\test-classes;C:\Users\Admin\eclipse-workspace\Tokped\target\classes;D:\rr\appium\commons-lang3-3.7.jar;D:\rr\appium\java-client-7.5.1-all.jar;D:\rr\tools\selenium-java-3.141.59\client-combined-3.141.59.jar;D:\rr\tools\selenium-java-3.141.59\client-combined-3.141.59-sources.jar;D:\rr\tools\selenium-java-3.141.59\libs\byte-buddy-1.8.15.jar;D:\rr\tools\selenium-java-3.141.59\libs\commons-exec-1.3.jar;D:\rr\tools\selenium-java-3.141.59\libs\guava-25.0-jre.jar;D:\rr\tools\selenium-java-3.141.59\libs\okhttp-3.11.0.jar;D:\rr\tools\selenium-java-3.141.59\libs\okio-1.14.0.jar;D:\rr\selenium\selenium-server-standalone-3.141.59.jar;C:\Users\Admin\.m2\repository\io\appium\java-client\7.5.1\java-client-7.5.1.jar;C:\Users\Admin\.m2\repository\org\seleniumhq\selenium\selenium-support\3.141.59\selenium-support-3.141.59.jar;C:\Users\Admin\.m2\repository\org\seleniumhq\selenium\selenium-api\3.141.59\selenium-api-3.141.59.jar;C:\Users\Admin\.m2\repository\com\google\code\gson\gson\2.8.6\gson-2.8.6.jar;C:\Users\Admin\.m2\repository\org\apache\httpcomponents\httpclient\4.5.13\httpclient-4.5.13.jar;C:\Users\Admin\.m2\repository\org\apache\httpcomponents\httpcore\4.4.13\httpcore-4.4.13.jar;C:\Users\Admin\.m2\repository\commons-logging\commons-logging\1.2\commons-logging-1.2.jar;C:\Users\Admin\.m2\repository\commons-codec\commons-codec\1.11\commons-codec-1.11.jar;C:\Users\Admin\.m2\repository\cglib\cglib\3.3.0\cglib-3.3.0.jar;C:\Users\Admin\.m2\repository\org\ow2\asm\asm\7.1\asm-7.1.jar;C:\Users\Admin\.m2\repository\commons-validator\commons-validator\1.7\commons-validator-1.7.jar;C:\Users\Admin\.m2\repository\commons-beanutils\commons-beanutils\1.9.4\commons-beanutils-1.9.4.jar;C:\Users\Admin\.m2\repository\commons-digester\commons-digester\2.1\commons-digester-2.1.jar;C:\Users\Admin\.m2\repository\commons-co
Launcher Type: SUN_STANDARD

[Global flags]
     intx CICompilerCount                          = 4                                         {product} {ergonomic}
     uint ConcGCThreads                            = 2                                         {product} {ergonomic}
     uint G1ConcRefinementThreads                  = 8                                         {product} {ergonomic}
   size_t G1HeapRegionSize                         = 1048576                                   {product} {ergonomic}
    uintx GCDrainStackTargetSize                   = 64                                        {product} {ergonomic}
   size_t InitialHeapSize                          = 134217728                                 {product} {ergonomic}
   size_t MarkStackSize                            = 4194304                                   {product} {ergonomic}
   size_t MaxHeapSize                              = 2116026368                                {product} {ergonomic}
   size_t MinHeapDeltaBytes                        = 1048576                                   {product} {ergonomic}
   size_t MinHeapSize                              = 8388608                                   {product} {ergonomic}
    uintx NonNMethodCodeHeapSize                   = 5839372                                {pd product} {ergonomic}
    uintx NonProfiledCodeHeapSize                  = 122909434                              {pd product} {ergonomic}
    uintx ProfiledCodeHeapSize                     = 122909434                              {pd product} {ergonomic}
    uintx ReservedCodeCacheSize                    = 251658240                              {pd product} {ergonomic}
     bool SegmentedCodeCache                       = true                                      {product} {ergonomic}
     bool ShowCodeDetailsInExceptionMessages       = true                                   {manageable} {command line}
   size_t SoftMaxHeapSize                          = 2116026368                             {manageable} {ergonomic}
     bool UseCompressedClassPointers               = true                                 {lp64_product} {ergonomic}
     bool UseCompressedOops                        = true                                 {lp64_product} {ergonomic}
     bool UseG1GC                                  = true                                      {product} {ergonomic}
     bool UseLargePagesIndividualAllocation        = false                                  {pd product} {ergonomic}

Logging:
Log output configuration:
 #0: stdout all=warning uptime,level,tags
 #1: stderr all=off uptime,level,tags

Environment Variables:
JAVA_HOME=C:\Program Files\Java\jdk1.8.0_211
PATH=C:/Users/Admin/.p2/pool/plugins/org.eclipse.justj.openjdk.hotspot.jre.full.win32.x86_64_15.0.2.v20210201-0955/jre/bin/server;C:/Users/Admin/.p2/pool/plugins/org.eclipse.justj.openjdk.hotspot.jre.full.win32.x86_64_15.0.2.v20210201-0955/jre/bin;D:\app\Admin\product\11.2.0\client_1;D:\app\Admin\product\11.2.0\client_1\bin;C:\Program Files (x86)\Common Files\Oracle\Java\javapath;C:\WINDOWS\system32;C:\WINDOWS;C:\WINDOWS\System32\Wbem;C:\WINDOWS\System32\WindowsPowerShell\v1.0\;C:\WINDOWS\System32\OpenSSH\;C:\Program Files\PuTTY\;C:\Program Files\TortoiseSVN\bin;C:\Program Files (x86)\NVIDIA Corporation\PhysX\Common;C:\WINDOWS\system32;C:\WINDOWS;C:\WINDOWS\System32\Wbem;C:\WINDOWS\System32\WindowsPowerShell\v1.0\;C:\WINDOWS\System32\OpenSSH\;C:\xampp\php;C:\ProgramData\ComposerSetup\bin;C:\Program Files\Git\cmd;C:\Program Files\PostgreSQL\13\bin;C:\Users\Admin\AppData\Local\Android\Sdk;C:\Users\Admin\AppData\Local\Android\Sdk\tools;C:\Users\Admin\AppData\Local\Android\Sdk\platform-tools;C:\Users\Admin\AppData\Local\Microsoft\WindowsApps;C:\Users\Admin\AppData\Roaming\Composer\vendor\bin;C:\Program Files\heroku\bin;C:\Program Files\PostgreSQL\13\bin;C:\Users\Admin\AppData\Local\Android\Sdk;;C:\Users\Admin\Desktop;
USERNAME=Admin
OS=Windows_NT
PROCESSOR_IDENTIFIER=Intel64 Family 6 Model 142 Stepping 12, GenuineIntel



---------------  S Y S T E M  ---------------

OS:
 Windows 10 , 64 bit Build 19041 (10.0.19041.804)
OS uptime: 4 days 22:36 hours

CPU: total 8 (initial active 8) (4 cores per cpu, 2 threads per core) family 6 model 142 stepping 12 microcode 0xde, cmov, cx8, fxsr, mmx, sse, sse2, sse3, ssse3, sse4.1, sse4.2, popcnt, vzeroupper, avx, avx2, aes, clmul, erms, 3dnowpref, lzcnt, ht, tsc, tscinvbit, bmi1, bmi2, adx, fma, clflush, clflushopt

Memory: 4k page, system-wide physical 8068M (1027M free)
TotalPageFile size 12164M (AvailPageFile size 68M)
current process WorkingSet (physical memory assigned to process): 10M, peak: 10M
current process commit charge ("private bytes"): 60M, peak: 188M

vm_info: OpenJDK 64-Bit Server VM (15.0.2+7-27) for windows-amd64 JRE (15.0.2+7-27), built on Dec  7 2020 20:02:38 by "mach5one" with unknown MS VC++:1925

END.
