#
# There is insufficient memory for the Java Runtime Environment to continue.
# Native memory allocation (malloc) failed to allocate 124864 bytes for Chunk::new
# Possible reasons:
#   The system is out of physical RAM or swap space
#   The process is running with CompressedOops enabled, and the Java Heap may be blocking the growth of the native heap
# Possible solutions:
#   Reduce memory load on the system
#   Increase physical memory or swap space
#   Check if swap backing store is full
#   Decrease Java heap size (-Xmx/-Xms)
#   Decrease number of Java threads
#   Decrease Java thread stack sizes (-Xss)
#   Set larger code cache with -XX:ReservedCodeCacheSize=
#   JVM is running with Unscaled Compressed Oops mode in which the Java heap is
#     placed in the first 4GB address space. The Java Heap base address is the
#     maximum limit for the native heap growth. Please use -XX:HeapBaseMinAddress
#     to set the Java Heap base and to place the Java Heap above 4GB virtual address.
# This output file may be truncated or incomplete.
#
#  Out of Memory Error (./open/src/hotspot/share/memory/arena.cpp:195), pid=13488, tid=12804
#
# JRE version: OpenJDK Runtime Environment (15.0.2+7) (build 15.0.2+7-27)
# Java VM: OpenJDK 64-Bit Server VM (15.0.2+7-27, mixed mode, tiered, compressed oops, g1 gc, windows-amd64)
# No core dump will be written. Minidumps are not enabled by default on client versions of Windows
#

---------------  S U M M A R Y ------------

Command Line: -ea -Dfile.encoding=Cp1252 -XX:+ShowCodeDetailsInExceptionMessages org.testng.remote.RemoteTestNG -serport 53740 -protocol json -d C:\Users\Admin\eclipse-workspace\Tokped\test-output C:\Users\Admin\AppData\Local\Temp\testng-eclipse-264685454\testng-customsuite.xml

Host: Intel(R) Core(TM) i7-8565U CPU @ 1.80GHz, 8 cores, 7G,  Windows 10 , 64 bit Build 19041 (10.0.19041.804)
Time: Tue Apr 20 11:35:27 2021 SE Asia Standard Time elapsed time: 7.518545 seconds (0d 0h 0m 7s)

---------------  T H R E A D  ---------------

Current thread (0x000001d76aa39c50):  JavaThread "C2 CompilerThread0" daemon [_thread_in_native, id=12804, stack(0x000000b6aca00000,0x000000b6acb00000)]


Current CompileTask:
C2:   7518 1839       4       jdk.internal.loader.URLClassPath::getResource (74 bytes)

Stack: [0x000000b6aca00000,0x000000b6acb00000]
Native frames: (J=compiled Java code, j=interpreted, Vv=VM code, C=native code)
V  [jvm.dll+0x62ae9a]
V  [jvm.dll+0x7817a9]
V  [jvm.dll+0x782f03]
V  [jvm.dll+0x783563]
V  [jvm.dll+0x216325]
V  [jvm.dll+0x97f3a]
V  [jvm.dll+0x9861c]
V  [jvm.dll+0x67a8ab]
V  [jvm.dll+0x18e578]
V  [jvm.dll+0x1ea822]
V  [jvm.dll+0x1e996e]
V  [jvm.dll+0x178567]
V  [jvm.dll+0x1f9225]
V  [jvm.dll+0x1f72cc]
V  [jvm.dll+0x74495d]
V  [jvm.dll+0x73d75a]
V  [jvm.dll+0x629c56]
C  [ucrtbase.dll+0x21bb2]
C  [KERNEL32.DLL+0x17034]
C  [ntdll.dll+0x52651]


---------------  P R O C E S S  ---------------

Threads class SMR info:
_java_thread_list=0x000001d76bd11b60, length=22, elements={
0x000001d74ff08820, 0x000001d76a1e7010, 0x000001d76a1e7ac0, 0x000001d76aa2c5d0,
0x000001d76aa2efa0, 0x000001d76aa2fa50, 0x000001d76aa39c50, 0x000001d76aa3dc40,
0x000001d76aa48e10, 0x000001d76abcfbc0, 0x000001d76abd8e60, 0x000001d76bc12870,
0x000001d76bd1e060, 0x000001d76bd208d0, 0x000001d76bb835a0, 0x000001d76bd20da0,
0x000001d76be57070, 0x000001d76be35420, 0x000001d76bc46510, 0x000001d76bc44830,
0x000001d76b628b30, 0x000001d76b6276f0
}

Java Threads: ( => current thread )
  0x000001d74ff08820 JavaThread "main" [_thread_blocked, id=11744, stack(0x000000b6abe00000,0x000000b6abf00000)]
  0x000001d76a1e7010 JavaThread "Reference Handler" daemon [_thread_blocked, id=19832, stack(0x000000b6ac500000,0x000000b6ac600000)]
  0x000001d76a1e7ac0 JavaThread "Finalizer" daemon [_thread_blocked, id=17804, stack(0x000000b6ac600000,0x000000b6ac700000)]
  0x000001d76aa2c5d0 JavaThread "Signal Dispatcher" daemon [_thread_blocked, id=12000, stack(0x000000b6ac700000,0x000000b6ac800000)]
  0x000001d76aa2efa0 JavaThread "Attach Listener" daemon [_thread_blocked, id=2164, stack(0x000000b6ac800000,0x000000b6ac900000)]
  0x000001d76aa2fa50 JavaThread "Service Thread" daemon [_thread_blocked, id=20560, stack(0x000000b6ac900000,0x000000b6aca00000)]
=>0x000001d76aa39c50 JavaThread "C2 CompilerThread0" daemon [_thread_in_native, id=12804, stack(0x000000b6aca00000,0x000000b6acb00000)]
  0x000001d76aa3dc40 JavaThread "C1 CompilerThread0" daemon [_thread_blocked, id=13976, stack(0x000000b6acb00000,0x000000b6acc00000)]
  0x000001d76aa48e10 JavaThread "Sweeper thread" daemon [_thread_blocked, id=5436, stack(0x000000b6acc00000,0x000000b6acd00000)]
  0x000001d76abcfbc0 JavaThread "Notification Thread" daemon [_thread_blocked, id=14252, stack(0x000000b6acd00000,0x000000b6ace00000)]
  0x000001d76abd8e60 JavaThread "Common-Cleaner" daemon [_thread_blocked, id=19984, stack(0x000000b6acf00000,0x000000b6ad000000)]
  0x000001d76bc12870 JavaThread "ForkJoinPool.commonPool-worker-3" daemon [_thread_blocked, id=14452, stack(0x000000b6ad900000,0x000000b6ada00000)]
  0x000001d76bd1e060 JavaThread "ForkJoinPool.commonPool-worker-5" daemon [_thread_blocked, id=13952, stack(0x000000b6ada00000,0x000000b6adb00000)]
  0x000001d76bd208d0 JavaThread "ForkJoinPool.commonPool-worker-7" daemon [_thread_blocked, id=16332, stack(0x000000b6adb00000,0x000000b6adc00000)]
  0x000001d76bb835a0 JavaThread "ForkJoinPool.commonPool-worker-9" daemon [_thread_blocked, id=13164, stack(0x000000b6adc00000,0x000000b6add00000)]
  0x000001d76bd20da0 JavaThread "ForkJoinPool.commonPool-worker-11" daemon [_thread_blocked, id=16104, stack(0x000000b6add00000,0x000000b6ade00000)]
  0x000001d76be57070 JavaThread "ForkJoinPool.commonPool-worker-13" daemon [_thread_blocked, id=8116, stack(0x000000b6ade00000,0x000000b6adf00000)]
  0x000001d76be35420 JavaThread "ForkJoinPool.commonPool-worker-15" daemon [_thread_blocked, id=6460, stack(0x000000b6adf00000,0x000000b6ae000000)]
  0x000001d76bc46510 JavaThread "OkHttp ConnectionPool" daemon [_thread_blocked, id=1132, stack(0x000000b6ad800000,0x000000b6ad900000)]
  0x000001d76bc44830 JavaThread "Okio Watchdog" daemon [_thread_blocked, id=6408, stack(0x000000b6ae000000,0x000000b6ae100000)]
  0x000001d76b628b30 JavaThread "C2 CompilerThread1" daemon [_thread_blocked, id=13140, stack(0x000000b6ad700000,0x000000b6ad800000)]
  0x000001d76b6276f0 JavaThread "C2 CompilerThread2" daemon [_thread_blocked, id=7196, stack(0x000000b6ae100000,0x000000b6ae200000)]

Other Threads:
  0x000001d76a19ea30 VMThread "VM Thread" [stack: 0x000000b6ac400000,0x000000b6ac500000] [id=4540] _threads_hazard_ptr=0x000001d76bd11b60
  0x000001d74ff49650 GCTaskThread "GC Thread#0" [stack: 0x000000b6abf00000,0x000000b6ac000000] [id=11964]
  0x000001d76b045370 GCTaskThread "GC Thread#1" [stack: 0x000000b6ad000000,0x000000b6ad100000] [id=13032]
  0x000001d76b0456a0 GCTaskThread "GC Thread#2" [stack: 0x000000b6ad100000,0x000000b6ad200000] [id=3280]
  0x000001d76b0449e0 GCTaskThread "GC Thread#3" [stack: 0x000000b6ad400000,0x000000b6ad500000] [id=7796]
  0x000001d74ff5ad00 ConcurrentGCThread "G1 Main Marker" [stack: 0x000000b6ac000000,0x000000b6ac100000] [id=8644]
  0x000001d74ff5d910 ConcurrentGCThread "G1 Conc#0" [stack: 0x000000b6ac100000,0x000000b6ac200000] [id=18668]
  0x000001d76b043d20 ConcurrentGCThread "G1 Conc#1" [stack: 0x000000b6ad500000,0x000000b6ad600000] [id=13696]
  0x000001d76a000090 ConcurrentGCThread "G1 Refine#0" [stack: 0x000000b6ac200000,0x000000b6ac300000] [id=5460]
  0x000001d76bab9440 ConcurrentGCThread "G1 Refine#1" [stack: 0x000000b6ad600000,0x000000b6ad700000] [id=12396]
  0x000001d76a000c90 ConcurrentGCThread "G1 Young RemSet Sampling" [stack: 0x000000b6ac300000,0x000000b6ac400000] [id=1216]

Threads with active compile tasks:
C2 CompilerThread0     7645 1839       4       jdk.internal.loader.URLClassPath::getResource (74 bytes)
C2 CompilerThread2     7645 2137       4       sun.net.util.IPAddressUtil::scan (92 bytes)

VM state: at safepoint (normal execution)

VM Mutex/Monitor currently owned by a thread:  ([mutex/lock_event])
[0x000001d74ff03190] Threads_lock - owner thread: 0x000001d76a19ea30
[0x000001d74ff037c0] Heap_lock - owner thread: 0x000001d74ff08820

Heap address: 0x0000000081e00000, size: 2018 MB, Compressed Oops mode: 32-bit
CDS disabled.
Compressed class space mapped at: 0x0000000100000000-0x0000000140000000, size: 1073741824
Narrow klass base: 0x0000000000000000, Narrow klass shift: 3, Narrow klass range: 0x140000000

GC Precious Log:
 CPUs: 8 total, 8 available
 Memory: 8068M
 Large Page Support: Disabled
 NUMA Support: Disabled
 Compressed Oops: Enabled (32-bit)
 Heap Region Size: 1M
 Heap Min Capacity: 8M
 Heap Initial Capacity: 128M
 Heap Max Capacity: 2018M
 Pre-touch: Disabled
 Parallel Workers: 8
 Concurrent Workers: 2
 Concurrent Refinement Workers: 8
 Periodic GC: Disabled

Heap:
 garbage-first heap   total 34816K, used 17760K [0x0000000081e00000, 0x0000000100000000)
  region size 1024K, 9 young (9216K), 1 survivors (1024K)
 Metaspace       used 24861K, capacity 25124K, committed 25344K, reserved 1071104K
  class space    used 2659K, capacity 2757K, committed 2816K, reserved 1048576K

Heap Regions: E=young(eden), S=young(survivor), O=old, HS=humongous(starts), HC=humongous(continues), CS=collection set, F=free, OA=open archive, CA=closed archive, TAMS=top-at-mark-start (previous, next)
|   0|0x0000000081e00000, 0x0000000081f00000, 0x0000000081f00000|100%|HS|  |TAMS 0x0000000081f00000, 0x0000000081e00000| Complete 
|   1|0x0000000081f00000, 0x0000000082000000, 0x0000000082000000|100%|HC|  |TAMS 0x0000000082000000, 0x0000000081f00000| Complete 
|   2|0x0000000082000000, 0x0000000082100000, 0x0000000082100000|100%|HS|  |TAMS 0x0000000082100000, 0x0000000082000000| Complete 
|   3|0x0000000082100000, 0x0000000082200000, 0x0000000082200000|100%| O|  |TAMS 0x0000000082100000, 0x0000000082100000| Untracked 
|   4|0x0000000082200000, 0x0000000082300000, 0x0000000082300000|100%| O|  |TAMS 0x0000000082200000, 0x0000000082200000| Untracked 
|   5|0x0000000082300000, 0x0000000082307200, 0x0000000082400000|  2%| O|  |TAMS 0x0000000082300000, 0x0000000082300000| Untracked 
|   6|0x0000000082400000, 0x0000000082500000, 0x0000000082500000|100%| O|  |TAMS 0x0000000082400000, 0x0000000082400000| Untracked 
|   7|0x0000000082500000, 0x0000000082600000, 0x0000000082600000|100%| O|  |TAMS 0x0000000082500000, 0x0000000082500000| Untracked 
|   8|0x0000000082600000, 0x0000000082700000, 0x0000000082700000|100%| O|  |TAMS 0x0000000082600000, 0x0000000082600000| Untracked 
|   9|0x0000000082700000, 0x0000000082800000, 0x0000000082800000|100%| O|  |TAMS 0x0000000082700000, 0x0000000082700000| Untracked 
|  10|0x0000000082800000, 0x0000000082900000, 0x0000000082900000|100%| O|  |TAMS 0x0000000082800000, 0x0000000082800000| Untracked 
|  11|0x0000000082900000, 0x0000000082900000, 0x0000000082a00000|  0%| F|  |TAMS 0x0000000082900000, 0x0000000082900000| Untracked 
|  12|0x0000000082a00000, 0x0000000082a00000, 0x0000000082b00000|  0%| F|  |TAMS 0x0000000082a00000, 0x0000000082a00000| Untracked 
|  13|0x0000000082b00000, 0x0000000082b00000, 0x0000000082c00000|  0%| F|  |TAMS 0x0000000082b00000, 0x0000000082b00000| Untracked 
|  14|0x0000000082c00000, 0x0000000082c7c000, 0x0000000082d00000| 48%| O|  |TAMS 0x0000000082c00000, 0x0000000082c00000| Untracked 
|  15|0x0000000082d00000, 0x0000000082d00000, 0x0000000082e00000|  0%| F|  |TAMS 0x0000000082d00000, 0x0000000082d00000| Untracked 
|  16|0x0000000082e00000, 0x0000000082e00000, 0x0000000082f00000|  0%| F|  |TAMS 0x0000000082e00000, 0x0000000082e00000| Untracked 
|  17|0x0000000082f00000, 0x0000000082f00000, 0x0000000083000000|  0%| F|  |TAMS 0x0000000082f00000, 0x0000000082f00000| Untracked 
|  18|0x0000000083000000, 0x0000000083000000, 0x0000000083100000|  0%| F|  |TAMS 0x0000000083000000, 0x0000000083000000| Untracked 
|  19|0x0000000083100000, 0x0000000083100000, 0x0000000083200000|  0%| F|  |TAMS 0x0000000083100000, 0x0000000083100000| Untracked 
|  20|0x0000000083200000, 0x0000000083200000, 0x0000000083300000|  0%| F|  |TAMS 0x0000000083200000, 0x0000000083200000| Untracked 
|  21|0x0000000083300000, 0x0000000083300000, 0x0000000083400000|  0%| F|  |TAMS 0x0000000083300000, 0x0000000083300000| Untracked 
|  22|0x0000000083400000, 0x00000000834d5030, 0x0000000083500000| 83%| S|CS|TAMS 0x0000000083400000, 0x0000000083400000| Complete 
|  23|0x0000000083500000, 0x0000000083500000, 0x0000000083600000|  0%| F|  |TAMS 0x0000000083500000, 0x0000000083500000| Untracked 
|  24|0x0000000083600000, 0x0000000083600000, 0x0000000083700000|  0%| F|  |TAMS 0x0000000083600000, 0x0000000083600000| Untracked 
|  25|0x0000000083700000, 0x0000000083700000, 0x0000000083800000|  0%| F|  |TAMS 0x0000000083700000, 0x0000000083700000| Untracked 
|  26|0x0000000083800000, 0x000000008388af28, 0x0000000083900000| 54%| E|  |TAMS 0x0000000083800000, 0x0000000083800000| Complete 
|  27|0x0000000083900000, 0x0000000083a00000, 0x0000000083a00000|100%| E|  |TAMS 0x0000000083900000, 0x0000000083900000| Complete 
|  28|0x0000000083a00000, 0x0000000083b00000, 0x0000000083b00000|100%| E|CS|TAMS 0x0000000083a00000, 0x0000000083a00000| Complete 
|  29|0x0000000083b00000, 0x0000000083c00000, 0x0000000083c00000|100%| E|CS|TAMS 0x0000000083b00000, 0x0000000083b00000| Complete 
| 104|0x0000000088600000, 0x0000000088700000, 0x0000000088700000|100%| E|CS|TAMS 0x0000000088600000, 0x0000000088600000| Complete 
| 105|0x0000000088700000, 0x0000000088800000, 0x0000000088800000|100%| E|CS|TAMS 0x0000000088700000, 0x0000000088700000| Complete 
| 106|0x0000000088800000, 0x0000000088900000, 0x0000000088900000|100%| E|CS|TAMS 0x0000000088800000, 0x0000000088800000| Complete 
| 127|0x0000000089d00000, 0x0000000089e00000, 0x0000000089e00000|100%| E|CS|TAMS 0x0000000089d00000, 0x0000000089d00000| Complete 

Card table byte_map: [0x000001d763050000,0x000001d763450000] _byte_map_base: 0x000001d762c41000

Marking Bits (Prev, Next): (CMBitMap*) 0x000001d74ff49f00, (CMBitMap*) 0x000001d74ff49ec0
 Prev Bits: [0x000001d7657e0000, 0x000001d767768000)
 Next Bits: [0x000001d763850000, 0x000001d7657d8000)

Polling page: 0x000001d74dec0000

Metaspace:

Usage:
  Non-class:     21.84 MB capacity,    21.68 MB (>99%) used,   136.16 KB ( <1%) free+waste,    28.25 KB ( <1%) overhead. 
      Class:      2.69 MB capacity,     2.60 MB ( 96%) used,    87.62 KB (  3%) free+waste,    10.06 KB ( <1%) overhead. 
       Both:     24.54 MB capacity,    24.28 MB ( 99%) used,   223.77 KB ( <1%) free+waste,    38.31 KB ( <1%) overhead. 

Virtual space:
  Non-class space:       22.00 MB reserved,      22.00 MB (100%) committed 
      Class space:        1.00 GB reserved,       2.75 MB ( <1%) committed 
             Both:        1.02 GB reserved,      24.75 MB (  2%) committed 

Chunk freelists:
   Non-Class:  33.00 KB
       Class:  27.00 KB
        Both:  60.00 KB

MaxMetaspaceSize: 17179869184.00 GB
CompressedClassSpaceSize: 1.00 GB

CodeHeap 'non-profiled nmethods': size=120000Kb used=803Kb max_used=803Kb free=119196Kb
 bounds [0x000001d75b3f0000, 0x000001d75b660000, 0x000001d762920000]
CodeHeap 'profiled nmethods': size=120000Kb used=3898Kb max_used=3898Kb free=116101Kb
 bounds [0x000001d753ec0000, 0x000001d754290000, 0x000001d75b3f0000]
CodeHeap 'non-nmethods': size=5760Kb used=1257Kb max_used=1273Kb free=4502Kb
 bounds [0x000001d753920000, 0x000001d753b90000, 0x000001d753ec0000]
 total_blobs=2650 nmethods=2133 adapters=427
 compilation: enabled
              stopped_count=0, restarted_count=0
 full_count=0

Compilation events (20 events):
Event: 7.449 Thread 0x000001d76b6276f0 2131       4       java.lang.StringUTF16::compress (20 bytes)
Event: 7.451 Thread 0x000001d76b6276f0 nmethod 2131 0x000001d75b4b6910 code [0x000001d75b4b6aa0, 0x000001d75b4b6cd8]
Event: 7.455 Thread 0x000001d76b6276f0 2132       4       java.nio.DirectIntBufferU::ix (10 bytes)
Event: 7.456 Thread 0x000001d76b6276f0 nmethod 2132 0x000001d75b4b6d90 code [0x000001d75b4b6f00, 0x000001d75b4b6f78]
Event: 7.456 Thread 0x000001d76b6276f0 2133       4       sun.nio.fs.WindowsPathParser::isInvalidPathChar (22 bytes)
Event: 7.459 Thread 0x000001d76b628b30 nmethod 2130 0x000001d75b4b7090 code [0x000001d75b4b7220, 0x000001d75b4b7858]
Event: 7.460 Thread 0x000001d76b6276f0 nmethod 2133 0x000001d75b4b7990 code [0x000001d75b4b7b00, 0x000001d75b4b7c18]
Event: 7.467 Thread 0x000001d76aa3dc40 2134       3       java.io.File::<init> (47 bytes)
Event: 7.468 Thread 0x000001d76aa3dc40 nmethod 2134 0x000001d75428dd90 code [0x000001d75428df60, 0x000001d75428e2e8]
Event: 7.468 Thread 0x000001d76b628b30 2135       4       jdk.internal.jimage.ImageLocation::decompress (153 bytes)
Event: 7.470 Thread 0x000001d76b6276f0 2136       4       sun.net.util.IPAddressUtil::checkHostString (53 bytes)
Event: 7.477 Thread 0x000001d76aa3dc40 2138       3       sun.nio.cs.SingleByte$Decoder::decode (11 bytes)
Event: 7.477 Thread 0x000001d76b6276f0 nmethod 2136 0x000001d75b4b7d10 code [0x000001d75b4b7ec0, 0x000001d75b4b8128]
Event: 7.477 Thread 0x000001d76aa3dc40 nmethod 2138 0x000001d75428e410 code [0x000001d75428e5a0, 0x000001d75428e6d8]
Event: 7.477 Thread 0x000001d76b6276f0 2137       4       sun.net.util.IPAddressUtil::scan (92 bytes)
Event: 7.477 Thread 0x000001d76aa3dc40 2139       3       java.nio.HeapCharBuffer::<init> (23 bytes)
Event: 7.477 Thread 0x000001d76aa3dc40 nmethod 2139 0x000001d75428e790 code [0x000001d75428e940, 0x000001d75428eaa8]
Event: 7.480 Thread 0x000001d76b628b30 nmethod 2135 0x000001d75b4b8410 code [0x000001d75b4b85a0, 0x000001d75b4b8998]
Event: 7.482 Thread 0x000001d76aa3dc40 2140       1       java.util.concurrent.CopyOnWriteArrayList::getArray (5 bytes)
Event: 7.482 Thread 0x000001d76aa3dc40 nmethod 2140 0x000001d75b4b8c10 code [0x000001d75b4b8da0, 0x000001d75b4b8e58]

GC Heap History (6 events):
Event: 1.534 GC heap before
{Heap before GC invocations=0 (full 0):
 garbage-first heap   total 131072K, used 23552K [0x0000000081e00000, 0x0000000100000000)
  region size 1024K, 21 young (21504K), 0 survivors (0K)
 Metaspace       used 16085K, capacity 16267K, committed 16512K, reserved 1064960K
  class space    used 1609K, capacity 1645K, committed 1664K, reserved 1048576K
}
Event: 1.546 GC heap after
{Heap after GC invocations=1 (full 0):
 garbage-first heap   total 131072K, used 8220K [0x0000000081e00000, 0x0000000100000000)
  region size 1024K, 3 young (3072K), 3 survivors (3072K)
 Metaspace       used 16085K, capacity 16267K, committed 16512K, reserved 1064960K
  class space    used 1609K, capacity 1645K, committed 1664K, reserved 1048576K
}
Event: 2.108 GC heap before
{Heap before GC invocations=2 (full 0):
 garbage-first heap   total 34816K, used 24604K [0x0000000081e00000, 0x0000000100000000)
  region size 1024K, 20 young (20480K), 3 survivors (3072K)
 Metaspace       used 20629K, capacity 20882K, committed 20992K, reserved 1069056K
  class space    used 2158K, capacity 2240K, committed 2304K, reserved 1048576K
}
Event: 2.116 GC heap after
{Heap after GC invocations=3 (full 0):
 garbage-first heap   total 34816K, used 10786K [0x0000000081e00000, 0x0000000100000000)
  region size 1024K, 3 young (3072K), 3 survivors (3072K)
 Metaspace       used 20629K, capacity 20882K, committed 20992K, reserved 1069056K
  class space    used 2158K, capacity 2240K, committed 2304K, reserved 1048576K
}
Event: 7.038 GC heap before
{Heap before GC invocations=3 (full 0):
 garbage-first heap   total 34816K, used 21026K [0x0000000081e00000, 0x0000000100000000)
  region size 1024K, 14 young (14336K), 3 survivors (3072K)
 Metaspace       used 23377K, capacity 23614K, committed 23936K, reserved 1071104K
  class space    used 2511K, capacity 2595K, committed 2688K, reserved 1048576K
}
Event: 7.045 GC heap after
{Heap after GC invocations=4 (full 0):
 garbage-first heap   total 34816K, used 11616K [0x0000000081e00000, 0x0000000100000000)
  region size 1024K, 1 young (1024K), 1 survivors (1024K)
 Metaspace       used 23377K, capacity 23614K, committed 23936K, reserved 1071104K
  class space    used 2511K, capacity 2595K, committed 2688K, reserved 1048576K
}

Deoptimization events (20 events):
Event: 7.415 Thread 0x000001d74ff08820 Uncommon trap: trap_request=0xffffff45 fr.pc=0x000001d75b4ae468 relative=0x0000000000000308
Event: 7.415 Thread 0x000001d74ff08820 Uncommon trap: reason=unstable_if action=reinterpret pc=0x000001d75b4ae468 method=java.util.regex.Pattern.inRange(III)Z @ 7 c2
Event: 7.415 Thread 0x000001d74ff08820 DEOPT PACKING pc=0x000001d75b4ae468 sp=0x000000b6abefee30
Event: 7.415 Thread 0x000001d74ff08820 DEOPT UNPACKING pc=0x000001d75396e42f sp=0x000000b6abefebb8 mode 2
Event: 7.415 Thread 0x000001d74ff08820 Uncommon trap: trap_request=0xffffffc6 fr.pc=0x000001d75b4a7124 relative=0x00000000000005a4
Event: 7.415 Thread 0x000001d74ff08820 Uncommon trap: reason=bimorphic_or_optimized_type_check action=maybe_recompile pc=0x000001d75b4a7124 method=java.util.regex.Pattern$CharPredicate.lambda$negate$3(I)Z @ 2 c2
Event: 7.415 Thread 0x000001d74ff08820 DEOPT PACKING pc=0x000001d75b4a7124 sp=0x000000b6abefef70
Event: 7.415 Thread 0x000001d74ff08820 DEOPT UNPACKING pc=0x000001d75396e42f sp=0x000000b6abefeec0 mode 2
Event: 7.415 Thread 0x000001d74ff08820 Uncommon trap: trap_request=0xffffff45 fr.pc=0x000001d75b4a2164 relative=0x0000000000000064
Event: 7.415 Thread 0x000001d74ff08820 Uncommon trap: reason=unstable_if action=reinterpret pc=0x000001d75b4a2164 method=java.util.regex.Pattern.inRange(III)Z @ 7 c2
Event: 7.415 Thread 0x000001d74ff08820 DEOPT PACKING pc=0x000001d75b4a2164 sp=0x000000b6abefed00
Event: 7.415 Thread 0x000001d74ff08820 DEOPT UNPACKING pc=0x000001d75396e42f sp=0x000000b6abefebb8 mode 2
Event: 7.415 Thread 0x000001d74ff08820 Uncommon trap: trap_request=0xffffffc6 fr.pc=0x000001d75b4a823c relative=0x000000000000053c
Event: 7.415 Thread 0x000001d74ff08820 Uncommon trap: reason=bimorphic_or_optimized_type_check action=maybe_recompile pc=0x000001d75b4a823c method=java.util.regex.Pattern$CharPredicate.lambda$negate$3(I)Z @ 2 c2
Event: 7.415 Thread 0x000001d74ff08820 DEOPT PACKING pc=0x000001d75b4a823c sp=0x000000b6abefef00
Event: 7.415 Thread 0x000001d74ff08820 DEOPT UNPACKING pc=0x000001d75396e42f sp=0x000000b6abefeeb8 mode 2
Event: 7.435 Thread 0x000001d74ff08820 Uncommon trap: trap_request=0xffffffc6 fr.pc=0x000001d75b4b28a4 relative=0x0000000000001184
Event: 7.435 Thread 0x000001d74ff08820 Uncommon trap: reason=bimorphic_or_optimized_type_check action=maybe_recompile pc=0x000001d75b4b28a4 method=java.util.regex.Pattern$CharPredicate.lambda$negate$3(I)Z @ 2 c2
Event: 7.435 Thread 0x000001d74ff08820 DEOPT PACKING pc=0x000001d75b4b28a4 sp=0x000000b6abefefa0
Event: 7.435 Thread 0x000001d74ff08820 DEOPT UNPACKING pc=0x000001d75396e42f sp=0x000000b6abefee80 mode 2

Classes unloaded (0 events):
No events

Classes redefined (0 events):
No events

Internal exceptions (20 events):
Event: 1.824 Thread 0x000001d74ff08820 Exception <a 'sun/nio/fs/WindowsException'{0x00000000836ec1b8}> (0x00000000836ec1b8) 
thrown [./open/src/hotspot/share/prims/jni.cpp, line 578]
Event: 1.843 Thread 0x000001d74ff08820 Exception <a 'java/lang/NoSuchMethodError'{0x0000000083511590}: 'int java.lang.invoke.DirectMethodHandle$Holder.invokeStaticInit(java.lang.Object, java.lang.Object, java.lang.Object, java.lang.Object)'> (0x0000000083511590) 
thrown [./open/src/hotspot/share/interpreter/linkResolver.cpp, line 782]
Event: 1.979 Thread 0x000001d74ff08820 Exception <a 'java/lang/NoSuchMethodError'{0x0000000083143d50}: 'java.lang.Object java.lang.invoke.DirectMethodHandle$Holder.invokeStaticInit(java.lang.Object, java.lang.Object, java.lang.Object)'> (0x0000000083143d50) 
thrown [./open/src/hotspot/share/interpreter/linkResolver.cpp, line 782]
Event: 1.985 Thread 0x000001d74ff08820 Exception <a 'java/lang/NoSuchMethodError'{0x000000008316f4c0}: 'java.lang.Object java.lang.invoke.DirectMethodHandle$Holder.invokeInterface(java.lang.Object, java.lang.Object, java.lang.Object)'> (0x000000008316f4c0) 
thrown [./open/src/hotspot/share/interpreter/linkResolver.cpp, line 782]
Event: 1.985 Thread 0x000001d74ff08820 Exception <a 'java/lang/IncompatibleClassChangeError'{0x0000000083172d58}: Found class java.lang.Object, but interface was expected> (0x0000000083172d58) 
thrown [./open/src/hotspot/share/interpreter/linkResolver.cpp, line 848]
Event: 1.987 Thread 0x000001d74ff08820 Exception <a 'java/lang/NoSuchMethodError'{0x000000008317bf18}: 'int java.lang.invoke.DirectMethodHandle$Holder.invokeSpecialIFC(java.lang.Object, java.lang.Object, java.lang.Object, java.lang.Object)'> (0x000000008317bf18) 
thrown [./open/src/hotspot/share/interpreter/linkResolver.cpp, line 782]
Event: 1.996 Thread 0x000001d74ff08820 Exception <a 'java/lang/NoSuchMethodError'{0x00000000831dd1f0}: 'double java.lang.invoke.DirectMethodHandle$Holder.invokeVirtual(java.lang.Object, java.lang.Object)'> (0x00000000831dd1f0) 
thrown [./open/src/hotspot/share/interpreter/linkResolver.cpp, line 782]
Event: 1.997 Thread 0x000001d74ff08820 Exception <a 'java/lang/NoSuchMethodError'{0x00000000831e3d00}: 'float java.lang.invoke.DirectMethodHandle$Holder.invokeVirtual(java.lang.Object, java.lang.Object)'> (0x00000000831e3d00) 
thrown [./open/src/hotspot/share/interpreter/linkResolver.cpp, line 782]
Event: 1.998 Thread 0x000001d74ff08820 Exception <a 'java/lang/NoSuchMethodError'{0x00000000831ed228}: 'long java.lang.invoke.DirectMethodHandle$Holder.invokeVirtual(java.lang.Object, java.lang.Object)'> (0x00000000831ed228) 
thrown [./open/src/hotspot/share/interpreter/linkResolver.cpp, line 782]
Event: 2.003 Thread 0x000001d74ff08820 Exception <a 'java/lang/NoSuchMethodError'{0x0000000083018cb8}: 'java.lang.Object java.lang.invoke.DirectMethodHandle$Holder.invokeVirtual(java.lang.Object, java.lang.Object, java.lang.Object)'> (0x0000000083018cb8) 
thrown [./open/src/hotspot/share/interpreter/linkResolver.cpp, line 782]
Event: 2.036 Thread 0x000001d74ff08820 Exception <a 'java/lang/NoSuchMethodError'{0x0000000082f666c8}: 'void java.lang.invoke.DirectMethodHandle$Holder.invokeSpecial(java.lang.Object, java.lang.Object, java.lang.Object, java.lang.Object, java.lang.Object)'> (0x0000000082f666c8) 
thrown [./open/src/hotspot/share/interpreter/linkResolver.cpp, line 782]
Event: 2.059 Thread 0x000001d74ff08820 Exception <a 'java/lang/NoSuchMethodError'{0x0000000082e1da70}: 'java.lang.Object java.lang.invoke.DirectMethodHandle$Holder.newInvokeSpecial(java.lang.Object, java.lang.Object, java.lang.Object, java.lang.Object, java.lang.Object)'> (0x0000000082e1da70) 
thrown [./open/src/hotspot/share/interpreter/linkResolver.cpp, line 782]
Event: 2.106 Thread 0x000001d74ff08820 Exception <a 'java/lang/NoSuchMethodError'{0x0000000082d909f0}: 'void java.lang.invoke.DirectMethodHandle$Holder.invokeInterface(java.lang.Object, java.lang.Object, java.lang.Object)'> (0x0000000082d909f0) 
thrown [./open/src/hotspot/share/interpreter/linkResolver.cpp, line 782]
Event: 2.296 Thread 0x000001d74ff08820 Exception <a 'java/lang/NullPointerException'{0x0000000083a38ae8}> (0x0000000083a38ae8) 
thrown [./open/src/hotspot/share/interpreter/linkResolver.cpp, line 1374]
Event: 6.838 Thread 0x000001d74ff08820 Exception <a 'java/lang/NoSuchMethodError'{0x00000000839d00d8}: 'java.lang.Object java.lang.invoke.DirectMethodHandle$Holder.invokeSpecialIFC(java.lang.Object, java.lang.Object, java.lang.Object)'> (0x00000000839d00d8) 
thrown [./open/src/hotspot/share/interpreter/linkResolver.cpp, line 782]
Event: 6.867 Thread 0x000001d74ff08820 Exception <a 'java/lang/ClassNotFoundException'{0x000000008380d390}: sun/misc/SharedSecrets> (0x000000008380d390) 
thrown [./open/src/hotspot/share/classfile/systemDictionary.cpp, line 295]
Event: 6.868 Thread 0x000001d74ff08820 Exception <a 'java/lang/reflect/InvocationTargetException'{0x000000008380d908}> (0x000000008380d908) 
thrown [./open/src/hotspot/share/runtime/reflection.cpp, line 1157]
Event: 6.919 Thread 0x000001d74ff08820 Exception <a 'java/lang/NoSuchMethodError'{0x00000000838b79c8}: 'void java.lang.invoke.DirectMethodHandle$Holder.invokeInterface(java.lang.Object, java.lang.Object)'> (0x00000000838b79c8) 
thrown [./open/src/hotspot/share/interpreter/linkResolver.cpp, line 782]
Event: 7.151 Thread 0x000001d74ff08820 Exception <a 'java/lang/reflect/InvocationTargetException'{0x0000000088701330}> (0x0000000088701330) 
thrown [./open/src/hotspot/share/runtime/reflection.cpp, line 1157]
Event: 7.371 Thread 0x000001d74ff08820 Exception <a 'java/lang/NoSuchMethodError'{0x0000000083a18670}: 'int java.lang.invoke.DirectMethodHandle$Holder.invokeInterface(java.lang.Object, java.lang.Object)'> (0x0000000083a18670) 
thrown [./open/src/hotspot/share/interpreter/linkResolver.cpp, line 782]

Events (20 events):
Event: 7.443 Executing VM operation: ICBufferFull done
Event: 7.479 loading class java/net/StandardSocketOptions
Event: 7.479 loading class java/net/StandardSocketOptions done
Event: 7.479 loading class java/net/StandardSocketOptions$StdSocketOption
Event: 7.479 loading class java/net/StandardSocketOptions$StdSocketOption done
Event: 7.479 loading class sun/nio/ch/SocketOptionRegistry
Event: 7.480 loading class sun/nio/ch/SocketOptionRegistry done
Event: 7.480 loading class sun/nio/ch/SocketOptionRegistry$RegistryKey
Event: 7.480 loading class sun/nio/ch/SocketOptionRegistry$RegistryKey done
Event: 7.480 loading class sun/nio/ch/SocketOptionRegistry$LazyInitialization
Event: 7.480 loading class sun/nio/ch/SocketOptionRegistry$LazyInitialization done
Event: 7.480 loading class sun/nio/ch/OptionKey
Event: 7.480 loading class sun/nio/ch/OptionKey done
Event: 7.480 loading class sun/nio/ch/ExtendedSocketOption
Event: 7.480 loading class sun/nio/ch/ExtendedSocketOption done
Event: 7.480 loading class sun/nio/ch/ExtendedSocketOption$1
Event: 7.480 loading class sun/nio/ch/ExtendedSocketOption$1 done
Event: 7.481 Thread 0x000001d76bc439c0 Thread added: 0x000001d76bc439c0
Event: 7.483 Thread 0x000001d76bc439c0 Thread exited: 0x000001d76bc439c0
Event: 7.483 Executing VM operation: Exit


Dynamic libraries:
0x00007ff6cb810000 - 0x00007ff6cb81d000 	C:\Users\Admin\.p2\pool\plugins\org.eclipse.justj.openjdk.hotspot.jre.full.win32.x86_64_15.0.2.v20210201-0955\jre\bin\javaw.exe
0x00007ff9452f0000 - 0x00007ff9454e5000 	C:\WINDOWS\SYSTEM32\ntdll.dll
0x00007ff944280000 - 0x00007ff94433d000 	C:\WINDOWS\System32\KERNEL32.DLL
0x00007ff942e00000 - 0x00007ff9430c9000 	C:\WINDOWS\System32\KERNELBASE.dll
0x00007ff9430d0000 - 0x00007ff9431d0000 	C:\WINDOWS\System32\ucrtbase.dll
0x00007ff91fe00000 - 0x00007ff91fe19000 	C:\Users\Admin\.p2\pool\plugins\org.eclipse.justj.openjdk.hotspot.jre.full.win32.x86_64_15.0.2.v20210201-0955\jre\bin\VCRUNTIME140.dll
0x00007ff918fe0000 - 0x00007ff918ff8000 	C:\Users\Admin\.p2\pool\plugins\org.eclipse.justj.openjdk.hotspot.jre.full.win32.x86_64_15.0.2.v20210201-0955\jre\bin\jli.dll
0x00007ff9447c0000 - 0x00007ff944960000 	C:\WINDOWS\System32\USER32.dll
0x00007ff942b70000 - 0x00007ff942b92000 	C:\WINDOWS\System32\win32u.dll
0x00007ff937e00000 - 0x00007ff93809a000 	C:\WINDOWS\WinSxS\amd64_microsoft.windows.common-controls_6595b64144ccf1df_6.0.19041.844_none_ca00b6081b84eb1d\COMCTL32.dll
0x00007ff944a80000 - 0x00007ff944aaa000 	C:\WINDOWS\System32\GDI32.dll
0x00007ff942a60000 - 0x00007ff942b6b000 	C:\WINDOWS\System32\gdi32full.dll
0x00007ff942d60000 - 0x00007ff942dfd000 	C:\WINDOWS\System32\msvcp_win.dll
0x00007ff944f60000 - 0x00007ff944ffe000 	C:\WINDOWS\System32\msvcrt.dll
0x00007ff943770000 - 0x00007ff9437a0000 	C:\WINDOWS\System32\IMM32.DLL
0x00007ff93f680000 - 0x00007ff93f68c000 	C:\Users\Admin\.p2\pool\plugins\org.eclipse.justj.openjdk.hotspot.jre.full.win32.x86_64_15.0.2.v20210201-0955\jre\bin\vcruntime140_1.dll
0x00007ff917e20000 - 0x00007ff917eb1000 	C:\Users\Admin\.p2\pool\plugins\org.eclipse.justj.openjdk.hotspot.jre.full.win32.x86_64_15.0.2.v20210201-0955\jre\bin\msvcp140.dll
0x00007ff8edc90000 - 0x00007ff8ee7ee000 	C:\Users\Admin\.p2\pool\plugins\org.eclipse.justj.openjdk.hotspot.jre.full.win32.x86_64_15.0.2.v20210201-0955\jre\bin\server\jvm.dll
0x00007ff943970000 - 0x00007ff943a1c000 	C:\WINDOWS\System32\ADVAPI32.dll
0x00007ff945130000 - 0x00007ff9451cc000 	C:\WINDOWS\System32\sechost.dll
0x00007ff944ab0000 - 0x00007ff944bdb000 	C:\WINDOWS\System32\RPCRT4.dll
0x00007ff944340000 - 0x00007ff944348000 	C:\WINDOWS\System32\PSAPI.DLL
0x00007ff935170000 - 0x00007ff935179000 	C:\WINDOWS\SYSTEM32\WSOCK32.dll
0x00007ff93cc40000 - 0x00007ff93cc4a000 	C:\WINDOWS\SYSTEM32\VERSION.dll
0x00007ff9383e0000 - 0x00007ff938407000 	C:\WINDOWS\SYSTEM32\WINMM.dll
0x00007ff944ef0000 - 0x00007ff944f5b000 	C:\WINDOWS\System32\WS2_32.dll
0x00007ff941360000 - 0x00007ff941372000 	C:\WINDOWS\SYSTEM32\kernel.appcore.dll
0x00007ff93f670000 - 0x00007ff93f67a000 	C:\Users\Admin\.p2\pool\plugins\org.eclipse.justj.openjdk.hotspot.jre.full.win32.x86_64_15.0.2.v20210201-0955\jre\bin\jimage.dll
0x00007ff9408a0000 - 0x00007ff940a84000 	C:\WINDOWS\SYSTEM32\DBGHELP.DLL
0x00007ff9351c0000 - 0x00007ff9351ec000 	C:\WINDOWS\SYSTEM32\dbgcore.DLL
0x00007ff9432d0000 - 0x00007ff943350000 	C:\WINDOWS\System32\bcryptPrimitives.dll
0x00007ff919d60000 - 0x00007ff919d85000 	C:\Users\Admin\.p2\pool\plugins\org.eclipse.justj.openjdk.hotspot.jre.full.win32.x86_64_15.0.2.v20210201-0955\jre\bin\java.dll
0x00007ff933ff0000 - 0x00007ff934008000 	C:\Users\Admin\.p2\pool\plugins\org.eclipse.justj.openjdk.hotspot.jre.full.win32.x86_64_15.0.2.v20210201-0955\jre\bin\zip.dll
0x00007ff943b30000 - 0x00007ff944272000 	C:\WINDOWS\System32\SHELL32.dll
0x00007ff940a90000 - 0x00007ff941220000 	C:\WINDOWS\SYSTEM32\windows.storage.dll
0x00007ff943400000 - 0x00007ff943755000 	C:\WINDOWS\System32\combase.dll
0x00007ff9423d0000 - 0x00007ff9423fc000 	C:\WINDOWS\SYSTEM32\Wldp.dll
0x00007ff943350000 - 0x00007ff9433fe000 	C:\WINDOWS\System32\SHCORE.dll
0x00007ff944e30000 - 0x00007ff944e85000 	C:\WINDOWS\System32\shlwapi.dll
0x00007ff942970000 - 0x00007ff94298f000 	C:\WINDOWS\SYSTEM32\profapi.dll
0x00007ff92ce60000 - 0x00007ff92ce79000 	C:\Users\Admin\.p2\pool\plugins\org.eclipse.justj.openjdk.hotspot.jre.full.win32.x86_64_15.0.2.v20210201-0955\jre\bin\net.dll
0x00007ff939870000 - 0x00007ff93997c000 	C:\WINDOWS\SYSTEM32\WINHTTP.dll
0x00007ff942150000 - 0x00007ff9421ba000 	C:\WINDOWS\system32\mswsock.dll
0x00007ff9214d0000 - 0x00007ff9214e2000 	C:\Users\Admin\.p2\pool\plugins\org.eclipse.justj.openjdk.hotspot.jre.full.win32.x86_64_15.0.2.v20210201-0955\jre\bin\nio.dll
0x00007ff941ee0000 - 0x00007ff941fab000 	C:\WINDOWS\SYSTEM32\DNSAPI.dll
0x00007ff941e40000 - 0x00007ff941e7b000 	C:\WINDOWS\SYSTEM32\IPHLPAPI.DLL
0x00007ff944e20000 - 0x00007ff944e28000 	C:\WINDOWS\System32\NSI.dll
0x00007ff938280000 - 0x00007ff93828a000 	C:\Windows\System32\rasadhlp.dll
0x00007ff938200000 - 0x00007ff93827f000 	C:\WINDOWS\System32\fwpuclnt.dll
0x00007ff942a30000 - 0x00007ff942a57000 	C:\WINDOWS\System32\bcrypt.dll
0x00007ff942320000 - 0x00007ff942338000 	C:\WINDOWS\SYSTEM32\CRYPTSP.dll
0x00007ff941af0000 - 0x00007ff941b24000 	C:\WINDOWS\system32\rsaenh.dll
0x00007ff942930000 - 0x00007ff94295e000 	C:\WINDOWS\SYSTEM32\USERENV.dll
0x00007ff942340000 - 0x00007ff94234c000 	C:\WINDOWS\SYSTEM32\CRYPTBASE.dll
0x00007ff9387a0000 - 0x00007ff9387b7000 	C:\WINDOWS\SYSTEM32\dhcpcsvc6.DLL
0x00007ff93a060000 - 0x00007ff93a07d000 	C:\WINDOWS\SYSTEM32\dhcpcsvc.DLL
0x00007ff93d8b0000 - 0x00007ff93d8c0000 	C:\Users\Admin\.p2\pool\plugins\org.eclipse.justj.openjdk.hotspot.jre.full.win32.x86_64_15.0.2.v20210201-0955\jre\bin\verify.dll
0x00007ff9303b0000 - 0x00007ff9303bd000 	C:\Users\Admin\.p2\pool\plugins\org.eclipse.justj.openjdk.hotspot.jre.full.win32.x86_64_15.0.2.v20210201-0955\jre\bin\sunmscapi.dll
0x00007ff942c00000 - 0x00007ff942d5f000 	C:\WINDOWS\System32\CRYPT32.dll
0x00007ff942440000 - 0x00007ff942467000 	C:\WINDOWS\SYSTEM32\ncrypt.dll
0x00007ff942400000 - 0x00007ff94243b000 	C:\WINDOWS\SYSTEM32\NTASN1.dll
0x00007ff935360000 - 0x00007ff935377000 	C:\WINDOWS\system32\napinsp.dll
0x00007ff935340000 - 0x00007ff93535b000 	C:\WINDOWS\system32\pnrpnsp.dll
0x00007ff9336e0000 - 0x00007ff9336f5000 	C:\WINDOWS\system32\wshbth.dll
0x00007ff93e440000 - 0x00007ff93e45d000 	C:\WINDOWS\system32\NLAapi.dll
0x00007ff932e30000 - 0x00007ff932e42000 	C:\WINDOWS\System32\winrnr.dll

dbghelp: loaded successfully - version: 4.0.5 - missing functions: none
symbol engine: initialized successfully - sym options: 0x614 - pdb path: .;C:\Users\Admin\.p2\pool\plugins\org.eclipse.justj.openjdk.hotspot.jre.full.win32.x86_64_15.0.2.v20210201-0955\jre\bin;C:\WINDOWS\SYSTEM32;C:\WINDOWS\WinSxS\amd64_microsoft.windows.common-controls_6595b64144ccf1df_6.0.19041.844_none_ca00b6081b84eb1d;C:\Users\Admin\.p2\pool\plugins\org.eclipse.justj.openjdk.hotspot.jre.full.win32.x86_64_15.0.2.v20210201-0955\jre\bin\server

VM Arguments:
jvm_args: -ea -Dfile.encoding=Cp1252 -XX:+ShowCodeDetailsInExceptionMessages 
java_command: org.testng.remote.RemoteTestNG -serport 53740 -protocol json -d C:\Users\Admin\eclipse-workspace\Tokped\test-output C:\Users\Admin\AppData\Local\Temp\testng-eclipse-264685454\testng-customsuite.xml
java_class_path (initial): C:\Users\Admin\eclipse\java-2021-03\eclipse\configuration\org.eclipse.osgi\444\0\.cp\lib\testng-remote.jar;C:\Users\Admin\eclipse-workspace\Tokped\target\test-classes;C:\Users\Admin\eclipse-workspace\Tokped\target\classes;D:\rr\appium\commons-lang3-3.7.jar;D:\rr\appium\java-client-7.5.1-all.jar;D:\rr\tools\selenium-java-3.141.59\client-combined-3.141.59.jar;D:\rr\tools\selenium-java-3.141.59\client-combined-3.141.59-sources.jar;D:\rr\tools\selenium-java-3.141.59\libs\byte-buddy-1.8.15.jar;D:\rr\tools\selenium-java-3.141.59\libs\commons-exec-1.3.jar;D:\rr\tools\selenium-java-3.141.59\libs\guava-25.0-jre.jar;D:\rr\tools\selenium-java-3.141.59\libs\okhttp-3.11.0.jar;D:\rr\tools\selenium-java-3.141.59\libs\okio-1.14.0.jar;D:\rr\selenium\selenium-server-standalone-3.141.59.jar;C:\Users\Admin\.m2\repository\io\appium\java-client\7.5.1\java-client-7.5.1.jar;C:\Users\Admin\.m2\repository\org\seleniumhq\selenium\selenium-support\3.141.59\selenium-support-3.141.59.jar;C:\Users\Admin\.m2\repository\org\seleniumhq\selenium\selenium-api\3.141.59\selenium-api-3.141.59.jar;C:\Users\Admin\.m2\repository\com\google\code\gson\gson\2.8.6\gson-2.8.6.jar;C:\Users\Admin\.m2\repository\org\apache\httpcomponents\httpclient\4.5.13\httpclient-4.5.13.jar;C:\Users\Admin\.m2\repository\org\apache\httpcomponents\httpcore\4.4.13\httpcore-4.4.13.jar;C:\Users\Admin\.m2\repository\commons-logging\commons-logging\1.2\commons-logging-1.2.jar;C:\Users\Admin\.m2\repository\commons-codec\commons-codec\1.11\commons-codec-1.11.jar;C:\Users\Admin\.m2\repository\cglib\cglib\3.3.0\cglib-3.3.0.jar;C:\Users\Admin\.m2\repository\org\ow2\asm\asm\7.1\asm-7.1.jar;C:\Users\Admin\.m2\repository\commons-validator\commons-validator\1.7\commons-validator-1.7.jar;C:\Users\Admin\.m2\repository\commons-beanutils\commons-beanutils\1.9.4\commons-beanutils-1.9.4.jar;C:\Users\Admin\.m2\repository\commons-digester\commons-digester\2.1\commons-digester-2.1.jar;C:\Users\Admin\.m2\repository\commons-co
Launcher Type: SUN_STANDARD

[Global flags]
     intx CICompilerCount                          = 4                                         {product} {ergonomic}
     uint ConcGCThreads                            = 2                                         {product} {ergonomic}
     uint G1ConcRefinementThreads                  = 8                                         {product} {ergonomic}
   size_t G1HeapRegionSize                         = 1048576                                   {product} {ergonomic}
    uintx GCDrainStackTargetSize                   = 64                                        {product} {ergonomic}
   size_t InitialHeapSize                          = 134217728                                 {product} {ergonomic}
   size_t MarkStackSize                            = 4194304                                   {product} {ergonomic}
   size_t MaxHeapSize                              = 2116026368                                {product} {ergonomic}
   size_t MaxNewSize                               = 1268776960                                {product} {ergonomic}
   size_t MinHeapDeltaBytes                        = 1048576                                   {product} {ergonomic}
   size_t MinHeapSize                              = 8388608                                   {product} {ergonomic}
    uintx NonNMethodCodeHeapSize                   = 5839372                                {pd product} {ergonomic}
    uintx NonProfiledCodeHeapSize                  = 122909434                              {pd product} {ergonomic}
    uintx ProfiledCodeHeapSize                     = 122909434                              {pd product} {ergonomic}
    uintx ReservedCodeCacheSize                    = 251658240                              {pd product} {ergonomic}
     bool SegmentedCodeCache                       = true                                      {product} {ergonomic}
     bool ShowCodeDetailsInExceptionMessages       = true                                   {manageable} {command line}
   size_t SoftMaxHeapSize                          = 2116026368                             {manageable} {ergonomic}
     bool UseCompressedClassPointers               = true                                 {lp64_product} {ergonomic}
     bool UseCompressedOops                        = true                                 {lp64_product} {ergonomic}
     bool UseG1GC                                  = true                                      {product} {ergonomic}
     bool UseLargePagesIndividualAllocation        = false                                  {pd product} {ergonomic}

Logging:
Log output configuration:
 #0: stdout all=warning uptime,level,tags
 #1: stderr all=off uptime,level,tags

Environment Variables:
JAVA_HOME=C:\Program Files\Java\jdk1.8.0_211
PATH=C:/Users/Admin/.p2/pool/plugins/org.eclipse.justj.openjdk.hotspot.jre.full.win32.x86_64_15.0.2.v20210201-0955/jre/bin/server;C:/Users/Admin/.p2/pool/plugins/org.eclipse.justj.openjdk.hotspot.jre.full.win32.x86_64_15.0.2.v20210201-0955/jre/bin;D:\app\Admin\product\11.2.0\client_1;D:\app\Admin\product\11.2.0\client_1\bin;C:\Program Files (x86)\Common Files\Oracle\Java\javapath;C:\WINDOWS\system32;C:\WINDOWS;C:\WINDOWS\System32\Wbem;C:\WINDOWS\System32\WindowsPowerShell\v1.0\;C:\WINDOWS\System32\OpenSSH\;C:\Program Files\PuTTY\;C:\Program Files\TortoiseSVN\bin;C:\Program Files (x86)\NVIDIA Corporation\PhysX\Common;C:\WINDOWS\system32;C:\WINDOWS;C:\WINDOWS\System32\Wbem;C:\WINDOWS\System32\WindowsPowerShell\v1.0\;C:\WINDOWS\System32\OpenSSH\;C:\xampp\php;C:\ProgramData\ComposerSetup\bin;C:\Program Files\Git\cmd;C:\Program Files\PostgreSQL\13\bin;C:\Users\Admin\AppData\Local\Android\Sdk;C:\Users\Admin\AppData\Local\Android\Sdk\tools;C:\Users\Admin\AppData\Local\Android\Sdk\platform-tools;C:\Users\Admin\AppData\Local\Microsoft\WindowsApps;C:\Users\Admin\AppData\Roaming\Composer\vendor\bin;C:\Program Files\heroku\bin;C:\Program Files\PostgreSQL\13\bin;C:\Users\Admin\AppData\Local\Android\Sdk;;C:\Users\Admin\Desktop;
USERNAME=Admin
OS=Windows_NT
PROCESSOR_IDENTIFIER=Intel64 Family 6 Model 142 Stepping 12, GenuineIntel



---------------  S Y S T E M  ---------------

OS:
 Windows 10 , 64 bit Build 19041 (10.0.19041.804)
OS uptime: 4 days 21:06 hours

CPU: total 8 (initial active 8) (4 cores per cpu, 2 threads per core) family 6 model 142 stepping 12 microcode 0xde, cmov, cx8, fxsr, mmx, sse, sse2, sse3, ssse3, sse4.1, sse4.2, popcnt, vzeroupper, avx, avx2, aes, clmul, erms, 3dnowpref, lzcnt, ht, tsc, tscinvbit, bmi1, bmi2, adx, fma, clflush, clflushopt

Memory: 4k page, system-wide physical 8068M (908M free)
TotalPageFile size 12164M (AvailPageFile size 4M)
current process WorkingSet (physical memory assigned to process): 130M, peak: 130M
current process commit charge ("private bytes"): 168M, peak: 227M

vm_info: OpenJDK 64-Bit Server VM (15.0.2+7-27) for windows-amd64 JRE (15.0.2+7-27), built on Dec  7 2020 20:02:38 by "mach5one" with unknown MS VC++:1925

END.
